2024-09-07 11-59-56 [background-preinit] DEBUG org.jboss.logging - Logging Provider: org.jboss.logging.Slf4jLoggerProvider found via system property
2024-09-07 11-59-56 [restartedMain] INFO  c.a.p.PasswordManagerApplication - Starting PasswordManagerApplication using Java 21.0.2 with PID 12040 (C:\Atharva\Java\Password_manager\pwm-backend\build\classes\java\main started by 108WS in C:\Atharva\Java\Password_manager\pwm-backend)
2024-09-07 11-59-56 [restartedMain] DEBUG c.a.p.PasswordManagerApplication - Running with Spring Boot v3.3.3, Spring v6.1.12
2024-09-07 11-59-56 [restartedMain] INFO  c.a.p.PasswordManagerApplication - The following 1 profile is active: "dev"
2024-09-07 11-59-57 [restartedMain] DEBUG _.s.w.s.HandlerMapping.Mappings - 
	c.a.p.c.CredentialController:
	{GET [/api/credentials/{id}]}: getCredentialById(String)
	{GET [/api/credentials]}: getAllCredentials()
	{POST [/api/credentials]}: createCredential(Credential)
2024-09-07 11-59-57 [restartedMain] DEBUG _.s.w.s.HandlerMapping.Mappings - 
	c.a.p.c.HelloFromPasswordManager:
	{GET [/sayhello]}: sayHello()
2024-09-07 11-59-57 [restartedMain] DEBUG _.s.w.s.HandlerMapping.Mappings - 
	o.s.b.a.w.s.e.BasicErrorController:
	{ [/error]}: error(HttpServletRequest)
	{ [/error], produces [text/html]}: errorHtml(HttpServletRequest,HttpServletResponse)
2024-09-07 11-59-57 [restartedMain] DEBUG _.s.w.s.HandlerMapping.Mappings - 'beanNameHandlerMapping' {}
2024-09-07 11-59-57 [restartedMain] DEBUG _.s.w.s.HandlerMapping.Mappings - 'resourceHandlerMapping' {/webjars/**=ResourceHttpRequestHandler [classpath [META-INF/resources/webjars/]], /**=ResourceHttpRequestHandler [classpath [META-INF/resources/], classpath [resources/], classpath [static/], classpath [public/], ServletContext [/]]}
2024-09-07 11-59-57 [restartedMain] INFO  c.a.p.PasswordManagerApplication - Started PasswordManagerApplication in 1.077 seconds (process running for 1.294)
2024-09-07 12-01-35 [background-preinit] DEBUG org.jboss.logging - Logging Provider: org.jboss.logging.Slf4jLoggerProvider found via system property
2024-09-07 12-01-35 [restartedMain] INFO  c.a.p.PasswordManagerApplication - Starting PasswordManagerApplication using Java 21.0.2 with PID 21440 (C:\Atharva\Java\Password_manager\pwm-backend\build\classes\java\main started by 108WS in C:\Atharva\Java\Password_manager\pwm-backend)
2024-09-07 12-01-35 [restartedMain] DEBUG c.a.p.PasswordManagerApplication - Running with Spring Boot v3.3.3, Spring v6.1.12
2024-09-07 12-01-35 [restartedMain] INFO  c.a.p.PasswordManagerApplication - The following 1 profile is active: "dev"
2024-09-07 12-01-36 [restartedMain] DEBUG _.s.w.s.HandlerMapping.Mappings - 
	c.a.p.c.CredentialController:
	{GET [/api/credentials/{id}]}: getCredentialById(String)
	{POST [/api/credentials]}: createCredential(Credential)
	{GET [/api/credentials]}: getAllCredentials()
2024-09-07 12-01-36 [restartedMain] DEBUG _.s.w.s.HandlerMapping.Mappings - 
	c.a.p.c.HelloFromPasswordManager:
	{GET [/sayhello]}: sayHello()
2024-09-07 12-01-36 [restartedMain] DEBUG _.s.w.s.HandlerMapping.Mappings - 
	o.s.b.a.w.s.e.BasicErrorController:
	{ [/error]}: error(HttpServletRequest)
	{ [/error], produces [text/html]}: errorHtml(HttpServletRequest,HttpServletResponse)
2024-09-07 12-01-36 [restartedMain] DEBUG _.s.w.s.HandlerMapping.Mappings - 'beanNameHandlerMapping' {}
2024-09-07 12-01-36 [restartedMain] DEBUG _.s.w.s.HandlerMapping.Mappings - 'resourceHandlerMapping' {/webjars/**=ResourceHttpRequestHandler [classpath [META-INF/resources/webjars/]], /**=ResourceHttpRequestHandler [classpath [META-INF/resources/], classpath [resources/], classpath [static/], classpath [public/], ServletContext [/]]}
2024-09-07 12-01-36 [restartedMain] INFO  c.a.p.PasswordManagerApplication - Started PasswordManagerApplication in 1.227 seconds (process running for 1.451)
2024-09-07 12-01-43 [http-nio-3000-exec-1] DEBUG c.a.p.c.CredentialController - Creating Credential with Servicename: Bank, Username: Chintal98, Password: Ath@rva1972.
2024-09-07 12-01-43 [http-nio-3000-exec-1] INFO  c.a.p.c.CredentialController - Created Credential with Servicename: Bank, Username: Chintal98, Password: Ath@rva1972.
2024-09-07 12-01-47 [restartedMain] INFO  c.a.p.PasswordManagerApplication - Starting PasswordManagerApplication using Java 21.0.2 with PID 21440 (C:\Atharva\Java\Password_manager\pwm-backend\build\classes\java\main started by 108WS in C:\Atharva\Java\Password_manager\pwm-backend)
2024-09-07 12-01-47 [restartedMain] DEBUG c.a.p.PasswordManagerApplication - Running with Spring Boot v3.3.3, Spring v6.1.12
2024-09-07 12-01-47 [restartedMain] INFO  c.a.p.PasswordManagerApplication - The following 1 profile is active: "dev"
2024-09-07 12-01-47 [restartedMain] DEBUG _.s.w.s.HandlerMapping.Mappings - 
	c.a.p.c.CredentialController:
	{GET [/api/credentials/{id}]}: getCredentialById(String)
	{POST [/api/credentials]}: createCredential(Credential)
	{GET [/api/credentials]}: getAllCredentials()
2024-09-07 12-01-47 [restartedMain] DEBUG _.s.w.s.HandlerMapping.Mappings - 
	c.a.p.c.HelloFromPasswordManager:
	{GET [/sayhello]}: sayHello()
2024-09-07 12-01-47 [restartedMain] DEBUG _.s.w.s.HandlerMapping.Mappings - 
	o.s.b.a.w.s.e.BasicErrorController:
	{ [/error]}: error(HttpServletRequest)
	{ [/error], produces [text/html]}: errorHtml(HttpServletRequest,HttpServletResponse)
2024-09-07 12-01-47 [restartedMain] DEBUG _.s.w.s.HandlerMapping.Mappings - 'beanNameHandlerMapping' {}
2024-09-07 12-01-47 [restartedMain] DEBUG _.s.w.s.HandlerMapping.Mappings - 'resourceHandlerMapping' {/webjars/**=ResourceHttpRequestHandler [classpath [META-INF/resources/webjars/]], /**=ResourceHttpRequestHandler [classpath [META-INF/resources/], classpath [resources/], classpath [static/], classpath [public/], ServletContext [/]]}
2024-09-07 12-01-47 [restartedMain] INFO  c.a.p.PasswordManagerApplication - Started PasswordManagerApplication in 0.348 seconds (process running for 12.964)
2024-09-07 12-14-46 [background-preinit] DEBUG org.jboss.logging - Logging Provider: org.jboss.logging.Slf4jLoggerProvider found via system property
2024-09-07 12-14-46 [restartedMain] INFO  c.a.p.PasswordManagerApplication - Starting PasswordManagerApplication using Java 21.0.2 with PID 24984 (C:\Atharva\Java\Password_manager\pwm-backend\build\classes\java\main started by 108WS in C:\Atharva\Java\Password_manager\pwm-backend)
2024-09-07 12-14-46 [restartedMain] DEBUG c.a.p.PasswordManagerApplication - Running with Spring Boot v3.3.3, Spring v6.1.12
2024-09-07 12-14-46 [restartedMain] INFO  c.a.p.PasswordManagerApplication - The following 1 profile is active: "dev"
2024-09-07 12-14-46 [restartedMain] DEBUG _.s.w.s.HandlerMapping.Mappings - 
	c.a.p.c.CredentialController:
	{POST [/api/credentials]}: createCredential(Credential)
	{GET [/api/credentials/{id}]}: getCredentialById(String)
	{GET [/api/credentials]}: getAllCredentials()
2024-09-07 12-14-46 [restartedMain] DEBUG _.s.w.s.HandlerMapping.Mappings - 
	c.a.p.c.HelloFromPasswordManager:
	{GET [/sayhello]}: sayHello()
2024-09-07 12-14-46 [restartedMain] DEBUG _.s.w.s.HandlerMapping.Mappings - 
	o.s.b.a.w.s.e.BasicErrorController:
	{ [/error]}: error(HttpServletRequest)
	{ [/error], produces [text/html]}: errorHtml(HttpServletRequest,HttpServletResponse)
2024-09-07 12-14-46 [restartedMain] DEBUG _.s.w.s.HandlerMapping.Mappings - 'beanNameHandlerMapping' {}
2024-09-07 12-14-46 [restartedMain] DEBUG _.s.w.s.HandlerMapping.Mappings - 'resourceHandlerMapping' {/webjars/**=ResourceHttpRequestHandler [classpath [META-INF/resources/webjars/]], /**=ResourceHttpRequestHandler [classpath [META-INF/resources/], classpath [resources/], classpath [static/], classpath [public/], ServletContext [/]]}
2024-09-07 12-14-47 [restartedMain] INFO  c.a.p.PasswordManagerApplication - Started PasswordManagerApplication in 1.078 seconds (process running for 1.311)
2024-09-07 12-14-56 [http-nio-3000-exec-1] DEBUG c.a.p.c.CredentialController - Creating Credential with Servicename: Bank, Username: Chintal98, Password: Ath@rva1972.
2024-09-07 12-14-56 [http-nio-3000-exec-1] INFO  c.a.p.c.CredentialController - Created Credential with Servicename: Bank, Username: Chintal98, Password: Ath@rva1972.
2024-09-07 12-15-00 [restartedMain] INFO  c.a.p.PasswordManagerApplication - Starting PasswordManagerApplication using Java 21.0.2 with PID 24984 (C:\Atharva\Java\Password_manager\pwm-backend\build\classes\java\main started by 108WS in C:\Atharva\Java\Password_manager\pwm-backend)
2024-09-07 12-15-00 [restartedMain] DEBUG c.a.p.PasswordManagerApplication - Running with Spring Boot v3.3.3, Spring v6.1.12
2024-09-07 12-15-00 [restartedMain] INFO  c.a.p.PasswordManagerApplication - The following 1 profile is active: "dev"
2024-09-07 12-15-00 [restartedMain] DEBUG _.s.w.s.HandlerMapping.Mappings - 
	c.a.p.c.CredentialController:
	{POST [/api/credentials]}: createCredential(Credential)
	{GET [/api/credentials/{id}]}: getCredentialById(String)
	{GET [/api/credentials]}: getAllCredentials()
2024-09-07 12-15-00 [restartedMain] DEBUG _.s.w.s.HandlerMapping.Mappings - 
	c.a.p.c.HelloFromPasswordManager:
	{GET [/sayhello]}: sayHello()
2024-09-07 12-15-00 [restartedMain] DEBUG _.s.w.s.HandlerMapping.Mappings - 
	o.s.b.a.w.s.e.BasicErrorController:
	{ [/error]}: error(HttpServletRequest)
	{ [/error], produces [text/html]}: errorHtml(HttpServletRequest,HttpServletResponse)
2024-09-07 12-15-00 [restartedMain] DEBUG _.s.w.s.HandlerMapping.Mappings - 'beanNameHandlerMapping' {}
2024-09-07 12-15-00 [restartedMain] DEBUG _.s.w.s.HandlerMapping.Mappings - 'resourceHandlerMapping' {/webjars/**=ResourceHttpRequestHandler [classpath [META-INF/resources/webjars/]], /**=ResourceHttpRequestHandler [classpath [META-INF/resources/], classpath [resources/], classpath [static/], classpath [public/], ServletContext [/]]}
2024-09-07 12-15-00 [restartedMain] INFO  c.a.p.PasswordManagerApplication - Started PasswordManagerApplication in 0.18 seconds (process running for 14.635)
2024-09-07 12-19-46 [restartedMain] INFO  c.a.p.PasswordManagerApplication - Starting PasswordManagerApplication using Java 21.0.2 with PID 24984 (C:\Atharva\Java\Password_manager\pwm-backend\build\classes\java\main started by 108WS in C:\Atharva\Java\Password_manager\pwm-backend)
2024-09-07 12-19-46 [restartedMain] DEBUG c.a.p.PasswordManagerApplication - Running with Spring Boot v3.3.3, Spring v6.1.12
2024-09-07 12-19-46 [restartedMain] INFO  c.a.p.PasswordManagerApplication - The following 1 profile is active: "dev"
2024-09-07 12-19-46 [restartedMain] DEBUG _.s.w.s.HandlerMapping.Mappings - 
	c.a.p.c.CredentialController:
	{POST [/api/credentials]}: createCredential(Credential)
	{GET [/api/credentials/{id}]}: getCredentialById(String)
	{GET [/api/credentials]}: getAllCredentials()
2024-09-07 12-19-46 [restartedMain] DEBUG _.s.w.s.HandlerMapping.Mappings - 
	c.a.p.c.HelloFromPasswordManager:
	{GET [/sayhello]}: sayHello()
2024-09-07 12-19-46 [restartedMain] DEBUG _.s.w.s.HandlerMapping.Mappings - 
	o.s.b.a.w.s.e.BasicErrorController:
	{ [/error]}: error(HttpServletRequest)
	{ [/error], produces [text/html]}: errorHtml(HttpServletRequest,HttpServletResponse)
2024-09-07 12-19-46 [restartedMain] DEBUG _.s.w.s.HandlerMapping.Mappings - 'beanNameHandlerMapping' {}
2024-09-07 12-19-46 [restartedMain] DEBUG _.s.w.s.HandlerMapping.Mappings - 'resourceHandlerMapping' {/webjars/**=ResourceHttpRequestHandler [classpath [META-INF/resources/webjars/]], /**=ResourceHttpRequestHandler [classpath [META-INF/resources/], classpath [resources/], classpath [static/], classpath [public/], ServletContext [/]]}
2024-09-07 12-19-46 [restartedMain] INFO  c.a.p.PasswordManagerApplication - Started PasswordManagerApplication in 0.356 seconds (process running for 300.979)
2024-09-07 12-22-19 [restartedMain] INFO  c.a.p.PasswordManagerApplication - Starting PasswordManagerApplication using Java 21.0.2 with PID 24984 (C:\Atharva\Java\Password_manager\pwm-backend\build\classes\java\main started by 108WS in C:\Atharva\Java\Password_manager\pwm-backend)
2024-09-07 12-22-19 [restartedMain] DEBUG c.a.p.PasswordManagerApplication - Running with Spring Boot v3.3.3, Spring v6.1.12
2024-09-07 12-22-19 [restartedMain] INFO  c.a.p.PasswordManagerApplication - The following 1 profile is active: "dev"
2024-09-07 12-22-19 [restartedMain] DEBUG _.s.w.s.HandlerMapping.Mappings - 
	c.a.p.c.CredentialController:
	{POST [/api/credentials]}: createCredential(Credential)
	{GET [/api/credentials/{id}]}: getCredentialById(String)
	{GET [/api/credentials]}: getAllCredentials()
2024-09-07 12-22-19 [restartedMain] DEBUG _.s.w.s.HandlerMapping.Mappings - 
	c.a.p.c.HelloFromPasswordManager:
	{GET [/sayhello]}: sayHello()
2024-09-07 12-22-19 [restartedMain] DEBUG _.s.w.s.HandlerMapping.Mappings - 
	o.s.b.a.w.s.e.BasicErrorController:
	{ [/error]}: error(HttpServletRequest)
	{ [/error], produces [text/html]}: errorHtml(HttpServletRequest,HttpServletResponse)
2024-09-07 12-22-19 [restartedMain] DEBUG _.s.w.s.HandlerMapping.Mappings - 'beanNameHandlerMapping' {}
2024-09-07 12-22-19 [restartedMain] DEBUG _.s.w.s.HandlerMapping.Mappings - 'resourceHandlerMapping' {/webjars/**=ResourceHttpRequestHandler [classpath [META-INF/resources/webjars/]], /**=ResourceHttpRequestHandler [classpath [META-INF/resources/], classpath [resources/], classpath [static/], classpath [public/], ServletContext [/]]}
2024-09-07 12-22-19 [restartedMain] INFO  c.a.p.PasswordManagerApplication - Started PasswordManagerApplication in 0.158 seconds (process running for 453.742)
2024-09-07 12-22-26 [restartedMain] INFO  c.a.p.PasswordManagerApplication - Starting PasswordManagerApplication using Java 21.0.2 with PID 24984 (C:\Atharva\Java\Password_manager\pwm-backend\build\classes\java\main started by 108WS in C:\Atharva\Java\Password_manager\pwm-backend)
2024-09-07 12-22-26 [restartedMain] DEBUG c.a.p.PasswordManagerApplication - Running with Spring Boot v3.3.3, Spring v6.1.12
2024-09-07 12-22-26 [restartedMain] INFO  c.a.p.PasswordManagerApplication - The following 1 profile is active: "dev"
2024-09-07 12-22-26 [restartedMain] DEBUG _.s.w.s.HandlerMapping.Mappings - 
	c.a.p.c.CredentialController:
	{POST [/api/credentials]}: createCredential(Credential)
	{GET [/api/credentials/{id}]}: getCredentialById(String)
	{GET [/api/credentials]}: getAllCredentials()
2024-09-07 12-22-26 [restartedMain] DEBUG _.s.w.s.HandlerMapping.Mappings - 
	c.a.p.c.HelloFromPasswordManager:
	{GET [/sayhello]}: sayHello()
2024-09-07 12-22-26 [restartedMain] DEBUG _.s.w.s.HandlerMapping.Mappings - 
	o.s.b.a.w.s.e.BasicErrorController:
	{ [/error]}: error(HttpServletRequest)
	{ [/error], produces [text/html]}: errorHtml(HttpServletRequest,HttpServletResponse)
2024-09-07 12-22-26 [restartedMain] DEBUG _.s.w.s.HandlerMapping.Mappings - 'beanNameHandlerMapping' {}
2024-09-07 12-22-26 [restartedMain] DEBUG _.s.w.s.HandlerMapping.Mappings - 'resourceHandlerMapping' {/webjars/**=ResourceHttpRequestHandler [classpath [META-INF/resources/webjars/]], /**=ResourceHttpRequestHandler [classpath [META-INF/resources/], classpath [resources/], classpath [static/], classpath [public/], ServletContext [/]]}
2024-09-07 12-22-26 [restartedMain] INFO  c.a.p.PasswordManagerApplication - Started PasswordManagerApplication in 0.139 seconds (process running for 460.971)
2024-09-07 12-22-53 [http-nio-3000-exec-3] DEBUG c.a.p.c.CredentialController - Creating Credential with Servicename: Bank, Username: Chintal98, Password: Ath@rva1972.
2024-09-07 12-22-53 [http-nio-3000-exec-3] INFO  c.a.p.c.CredentialController - Created Credential with Servicename: Bank, Username: Chintal98, Password: Ath@rva1972.
2024-09-07 12-22-55 [restartedMain] INFO  c.a.p.PasswordManagerApplication - Starting PasswordManagerApplication using Java 21.0.2 with PID 24984 (C:\Atharva\Java\Password_manager\pwm-backend\build\classes\java\main started by 108WS in C:\Atharva\Java\Password_manager\pwm-backend)
2024-09-07 12-22-55 [restartedMain] DEBUG c.a.p.PasswordManagerApplication - Running with Spring Boot v3.3.3, Spring v6.1.12
2024-09-07 12-22-55 [restartedMain] INFO  c.a.p.PasswordManagerApplication - The following 1 profile is active: "dev"
2024-09-07 12-22-56 [restartedMain] DEBUG _.s.w.s.HandlerMapping.Mappings - 
	c.a.p.c.CredentialController:
	{POST [/api/credentials]}: createCredential(Credential)
	{GET [/api/credentials/{id}]}: getCredentialById(String)
	{GET [/api/credentials]}: getAllCredentials()
2024-09-07 12-22-56 [restartedMain] DEBUG _.s.w.s.HandlerMapping.Mappings - 
	c.a.p.c.HelloFromPasswordManager:
	{GET [/sayhello]}: sayHello()
2024-09-07 12-22-56 [restartedMain] DEBUG _.s.w.s.HandlerMapping.Mappings - 
	o.s.b.a.w.s.e.BasicErrorController:
	{ [/error]}: error(HttpServletRequest)
	{ [/error], produces [text/html]}: errorHtml(HttpServletRequest,HttpServletResponse)
2024-09-07 12-22-56 [restartedMain] DEBUG _.s.w.s.HandlerMapping.Mappings - 'beanNameHandlerMapping' {}
2024-09-07 12-22-56 [restartedMain] DEBUG _.s.w.s.HandlerMapping.Mappings - 'resourceHandlerMapping' {/webjars/**=ResourceHttpRequestHandler [classpath [META-INF/resources/webjars/]], /**=ResourceHttpRequestHandler [classpath [META-INF/resources/], classpath [resources/], classpath [static/], classpath [public/], ServletContext [/]]}
2024-09-07 12-22-56 [restartedMain] INFO  c.a.p.PasswordManagerApplication - Started PasswordManagerApplication in 0.137 seconds (process running for 490.423)
2024-09-07 12-23-55 [background-preinit] DEBUG org.jboss.logging - Logging Provider: org.jboss.logging.Slf4jLoggerProvider found via system property
2024-09-07 12-23-55 [restartedMain] INFO  c.a.p.PasswordManagerApplication - Starting PasswordManagerApplication using Java 21.0.2 with PID 23732 (C:\Atharva\Java\Password_manager\pwm-backend\build\classes\java\main started by 108WS in C:\Atharva\Java\Password_manager\pwm-backend)
2024-09-07 12-23-55 [restartedMain] DEBUG c.a.p.PasswordManagerApplication - Running with Spring Boot v3.3.3, Spring v6.1.12
2024-09-07 12-23-55 [restartedMain] INFO  c.a.p.PasswordManagerApplication - The following 1 profile is active: "dev"
2024-09-07 12-23-55 [restartedMain] DEBUG _.s.w.s.HandlerMapping.Mappings - 
	c.a.p.c.CredentialController:
	{POST [/api/credentials]}: createCredential(Credential)
	{GET [/api/credentials/{id}]}: getCredentialById(String)
	{GET [/api/credentials]}: getAllCredentials()
2024-09-07 12-23-55 [restartedMain] DEBUG _.s.w.s.HandlerMapping.Mappings - 
	c.a.p.c.HelloFromPasswordManager:
	{GET [/sayhello]}: sayHello()
2024-09-07 12-23-55 [restartedMain] DEBUG _.s.w.s.HandlerMapping.Mappings - 
	o.s.b.a.w.s.e.BasicErrorController:
	{ [/error]}: error(HttpServletRequest)
	{ [/error], produces [text/html]}: errorHtml(HttpServletRequest,HttpServletResponse)
2024-09-07 12-23-55 [restartedMain] DEBUG _.s.w.s.HandlerMapping.Mappings - 'beanNameHandlerMapping' {}
2024-09-07 12-23-55 [restartedMain] DEBUG _.s.w.s.HandlerMapping.Mappings - 'resourceHandlerMapping' {/webjars/**=ResourceHttpRequestHandler [classpath [META-INF/resources/webjars/]], /**=ResourceHttpRequestHandler [classpath [META-INF/resources/], classpath [resources/], classpath [static/], classpath [public/], ServletContext [/]]}
2024-09-07 12-23-55 [restartedMain] INFO  c.a.p.PasswordManagerApplication - Started PasswordManagerApplication in 1.102 seconds (process running for 1.331)
2024-09-07 12-24-00 [http-nio-3000-exec-1] DEBUG c.a.p.c.CredentialController - Creating Credential with Servicename: Bank, Username: Chintal98, Password: Ath@rva1972.
2024-09-07 12-24-00 [http-nio-3000-exec-1] INFO  c.a.p.c.CredentialController - Created Credential with Servicename: Bank, Username: Chintal98, Password: Ath@rva1972.
2024-09-07 12-24-02 [restartedMain] INFO  c.a.p.PasswordManagerApplication - Starting PasswordManagerApplication using Java 21.0.2 with PID 23732 (C:\Atharva\Java\Password_manager\pwm-backend\build\classes\java\main started by 108WS in C:\Atharva\Java\Password_manager\pwm-backend)
2024-09-07 12-24-02 [restartedMain] DEBUG c.a.p.PasswordManagerApplication - Running with Spring Boot v3.3.3, Spring v6.1.12
2024-09-07 12-24-02 [restartedMain] INFO  c.a.p.PasswordManagerApplication - The following 1 profile is active: "dev"
2024-09-07 12-24-03 [restartedMain] DEBUG _.s.w.s.HandlerMapping.Mappings - 
	c.a.p.c.CredentialController:
	{POST [/api/credentials]}: createCredential(Credential)
	{GET [/api/credentials/{id}]}: getCredentialById(String)
	{GET [/api/credentials]}: getAllCredentials()
2024-09-07 12-24-03 [restartedMain] DEBUG _.s.w.s.HandlerMapping.Mappings - 
	c.a.p.c.HelloFromPasswordManager:
	{GET [/sayhello]}: sayHello()
2024-09-07 12-24-03 [restartedMain] DEBUG _.s.w.s.HandlerMapping.Mappings - 
	o.s.b.a.w.s.e.BasicErrorController:
	{ [/error]}: error(HttpServletRequest)
	{ [/error], produces [text/html]}: errorHtml(HttpServletRequest,HttpServletResponse)
2024-09-07 12-24-03 [restartedMain] DEBUG _.s.w.s.HandlerMapping.Mappings - 'beanNameHandlerMapping' {}
2024-09-07 12-24-03 [restartedMain] DEBUG _.s.w.s.HandlerMapping.Mappings - 'resourceHandlerMapping' {/webjars/**=ResourceHttpRequestHandler [classpath [META-INF/resources/webjars/]], /**=ResourceHttpRequestHandler [classpath [META-INF/resources/], classpath [resources/], classpath [static/], classpath [public/], ServletContext [/]]}
2024-09-07 12-24-03 [restartedMain] INFO  c.a.p.PasswordManagerApplication - Started PasswordManagerApplication in 0.191 seconds (process running for 8.599)
2024-09-07 12-24-26 [restartedMain] INFO  c.a.p.PasswordManagerApplication - Starting PasswordManagerApplication using Java 21.0.2 with PID 23732 (C:\Atharva\Java\Password_manager\pwm-backend\build\classes\java\main started by 108WS in C:\Atharva\Java\Password_manager\pwm-backend)
2024-09-07 12-24-26 [restartedMain] DEBUG c.a.p.PasswordManagerApplication - Running with Spring Boot v3.3.3, Spring v6.1.12
2024-09-07 12-24-26 [restartedMain] INFO  c.a.p.PasswordManagerApplication - The following 1 profile is active: "dev"
2024-09-07 12-24-26 [restartedMain] DEBUG _.s.w.s.HandlerMapping.Mappings - 
	c.a.p.c.CredentialController:
	{POST [/api/credentials]}: createCredential(Credential)
	{GET [/api/credentials/{id}]}: getCredentialById(String)
	{GET [/api/credentials]}: getAllCredentials()
2024-09-07 12-24-26 [restartedMain] DEBUG _.s.w.s.HandlerMapping.Mappings - 
	c.a.p.c.HelloFromPasswordManager:
	{GET [/sayhello]}: sayHello()
2024-09-07 12-24-26 [restartedMain] DEBUG _.s.w.s.HandlerMapping.Mappings - 
	o.s.b.a.w.s.e.BasicErrorController:
	{ [/error]}: error(HttpServletRequest)
	{ [/error], produces [text/html]}: errorHtml(HttpServletRequest,HttpServletResponse)
2024-09-07 12-24-26 [restartedMain] DEBUG _.s.w.s.HandlerMapping.Mappings - 'beanNameHandlerMapping' {}
2024-09-07 12-24-26 [restartedMain] DEBUG _.s.w.s.HandlerMapping.Mappings - 'resourceHandlerMapping' {/webjars/**=ResourceHttpRequestHandler [classpath [META-INF/resources/webjars/]], /**=ResourceHttpRequestHandler [classpath [META-INF/resources/], classpath [resources/], classpath [static/], classpath [public/], ServletContext [/]]}
2024-09-07 12-24-26 [restartedMain] INFO  c.a.p.PasswordManagerApplication - Started PasswordManagerApplication in 0.145 seconds (process running for 31.958)
2024-09-07 12-24-31 [http-nio-3000-exec-3] DEBUG c.a.p.c.CredentialController - Creating Credential with Servicename: Bank, Username: Chintal98, Password: Ath@rva1972.
2024-09-07 12-24-31 [http-nio-3000-exec-3] INFO  c.a.p.c.CredentialController - Created Credential with Servicename: Bank, Username: Chintal98, Password: Ath@rva1972.
2024-09-07 12-24-33 [restartedMain] INFO  c.a.p.PasswordManagerApplication - Starting PasswordManagerApplication using Java 21.0.2 with PID 23732 (C:\Atharva\Java\Password_manager\pwm-backend\build\classes\java\main started by 108WS in C:\Atharva\Java\Password_manager\pwm-backend)
2024-09-07 12-24-33 [restartedMain] DEBUG c.a.p.PasswordManagerApplication - Running with Spring Boot v3.3.3, Spring v6.1.12
2024-09-07 12-24-33 [restartedMain] INFO  c.a.p.PasswordManagerApplication - The following 1 profile is active: "dev"
2024-09-07 12-24-33 [restartedMain] DEBUG _.s.w.s.HandlerMapping.Mappings - 
	c.a.p.c.CredentialController:
	{POST [/api/credentials]}: createCredential(Credential)
	{GET [/api/credentials/{id}]}: getCredentialById(String)
	{GET [/api/credentials]}: getAllCredentials()
2024-09-07 12-24-33 [restartedMain] DEBUG _.s.w.s.HandlerMapping.Mappings - 
	c.a.p.c.HelloFromPasswordManager:
	{GET [/sayhello]}: sayHello()
2024-09-07 12-24-33 [restartedMain] DEBUG _.s.w.s.HandlerMapping.Mappings - 
	o.s.b.a.w.s.e.BasicErrorController:
	{ [/error]}: error(HttpServletRequest)
	{ [/error], produces [text/html]}: errorHtml(HttpServletRequest,HttpServletResponse)
2024-09-07 12-24-33 [restartedMain] DEBUG _.s.w.s.HandlerMapping.Mappings - 'beanNameHandlerMapping' {}
2024-09-07 12-24-33 [restartedMain] DEBUG _.s.w.s.HandlerMapping.Mappings - 'resourceHandlerMapping' {/webjars/**=ResourceHttpRequestHandler [classpath [META-INF/resources/webjars/]], /**=ResourceHttpRequestHandler [classpath [META-INF/resources/], classpath [resources/], classpath [static/], classpath [public/], ServletContext [/]]}
2024-09-07 12-24-33 [restartedMain] INFO  c.a.p.PasswordManagerApplication - Started PasswordManagerApplication in 0.143 seconds (process running for 39.196)
2024-09-07 12-24-57 [restartedMain] INFO  c.a.p.PasswordManagerApplication - Starting PasswordManagerApplication using Java 21.0.2 with PID 23732 (C:\Atharva\Java\Password_manager\pwm-backend\build\classes\java\main started by 108WS in C:\Atharva\Java\Password_manager\pwm-backend)
2024-09-07 12-24-57 [restartedMain] DEBUG c.a.p.PasswordManagerApplication - Running with Spring Boot v3.3.3, Spring v6.1.12
2024-09-07 12-24-57 [restartedMain] INFO  c.a.p.PasswordManagerApplication - The following 1 profile is active: "dev"
2024-09-07 12-24-57 [restartedMain] DEBUG _.s.w.s.HandlerMapping.Mappings - 
	c.a.p.c.CredentialController:
	{POST [/api/credentials]}: createCredential(Credential)
	{GET [/api/credentials/{id}]}: getCredentialById(String)
	{GET [/api/credentials]}: getAllCredentials()
2024-09-07 12-24-57 [restartedMain] DEBUG _.s.w.s.HandlerMapping.Mappings - 
	c.a.p.c.HelloFromPasswordManager:
	{GET [/sayhello]}: sayHello()
2024-09-07 12-24-57 [restartedMain] DEBUG _.s.w.s.HandlerMapping.Mappings - 
	o.s.b.a.w.s.e.BasicErrorController:
	{ [/error]}: error(HttpServletRequest)
	{ [/error], produces [text/html]}: errorHtml(HttpServletRequest,HttpServletResponse)
2024-09-07 12-24-57 [restartedMain] DEBUG _.s.w.s.HandlerMapping.Mappings - 'beanNameHandlerMapping' {}
2024-09-07 12-24-57 [restartedMain] DEBUG _.s.w.s.HandlerMapping.Mappings - 'resourceHandlerMapping' {/webjars/**=ResourceHttpRequestHandler [classpath [META-INF/resources/webjars/]], /**=ResourceHttpRequestHandler [classpath [META-INF/resources/], classpath [resources/], classpath [static/], classpath [public/], ServletContext [/]]}
2024-09-07 12-24-57 [restartedMain] INFO  c.a.p.PasswordManagerApplication - Started PasswordManagerApplication in 0.145 seconds (process running for 62.593)
2024-09-07 12-25-00 [http-nio-3000-exec-6] DEBUG c.a.p.c.CredentialController - Creating Credential with Servicename: Bank, Username: Chintal98, Password: Ath@rva1972.
2024-09-07 12-25-00 [http-nio-3000-exec-6] INFO  c.a.p.c.CredentialController - Created Credential with Servicename: Bank, Username: Chintal98, Password: Ath@rva1972.
2024-09-07 12-25-04 [restartedMain] INFO  c.a.p.PasswordManagerApplication - Starting PasswordManagerApplication using Java 21.0.2 with PID 23732 (C:\Atharva\Java\Password_manager\pwm-backend\build\classes\java\main started by 108WS in C:\Atharva\Java\Password_manager\pwm-backend)
2024-09-07 12-25-04 [restartedMain] DEBUG c.a.p.PasswordManagerApplication - Running with Spring Boot v3.3.3, Spring v6.1.12
2024-09-07 12-25-04 [restartedMain] INFO  c.a.p.PasswordManagerApplication - The following 1 profile is active: "dev"
2024-09-07 12-25-04 [restartedMain] DEBUG _.s.w.s.HandlerMapping.Mappings - 
	c.a.p.c.CredentialController:
	{POST [/api/credentials]}: createCredential(Credential)
	{GET [/api/credentials/{id}]}: getCredentialById(String)
	{GET [/api/credentials]}: getAllCredentials()
2024-09-07 12-25-04 [restartedMain] DEBUG _.s.w.s.HandlerMapping.Mappings - 
	c.a.p.c.HelloFromPasswordManager:
	{GET [/sayhello]}: sayHello()
2024-09-07 12-25-04 [restartedMain] DEBUG _.s.w.s.HandlerMapping.Mappings - 
	o.s.b.a.w.s.e.BasicErrorController:
	{ [/error]}: error(HttpServletRequest)
	{ [/error], produces [text/html]}: errorHtml(HttpServletRequest,HttpServletResponse)
2024-09-07 12-25-04 [restartedMain] DEBUG _.s.w.s.HandlerMapping.Mappings - 'beanNameHandlerMapping' {}
2024-09-07 12-25-04 [restartedMain] DEBUG _.s.w.s.HandlerMapping.Mappings - 'resourceHandlerMapping' {/webjars/**=ResourceHttpRequestHandler [classpath [META-INF/resources/webjars/]], /**=ResourceHttpRequestHandler [classpath [META-INF/resources/], classpath [resources/], classpath [static/], classpath [public/], ServletContext [/]]}
2024-09-07 12-25-04 [restartedMain] INFO  c.a.p.PasswordManagerApplication - Started PasswordManagerApplication in 0.274 seconds (process running for 69.984)
2024-09-07 12-25-45 [restartedMain] INFO  c.a.p.PasswordManagerApplication - Starting PasswordManagerApplication using Java 21.0.2 with PID 23732 (C:\Atharva\Java\Password_manager\pwm-backend\build\classes\java\main started by 108WS in C:\Atharva\Java\Password_manager\pwm-backend)
2024-09-07 12-25-45 [restartedMain] DEBUG c.a.p.PasswordManagerApplication - Running with Spring Boot v3.3.3, Spring v6.1.12
2024-09-07 12-25-45 [restartedMain] INFO  c.a.p.PasswordManagerApplication - The following 1 profile is active: "dev"
2024-09-07 12-25-46 [restartedMain] DEBUG _.s.w.s.HandlerMapping.Mappings - 
	c.a.p.c.CredentialController:
	{POST [/api/credentials]}: createCredential(Credential)
	{GET [/api/credentials/{id}]}: getCredentialById(String)
	{GET [/api/credentials]}: getAllCredentials()
2024-09-07 12-25-46 [restartedMain] DEBUG _.s.w.s.HandlerMapping.Mappings - 
	c.a.p.c.HelloFromPasswordManager:
	{GET [/sayhello]}: sayHello()
2024-09-07 12-25-46 [restartedMain] DEBUG _.s.w.s.HandlerMapping.Mappings - 
	o.s.b.a.w.s.e.BasicErrorController:
	{ [/error]}: error(HttpServletRequest)
	{ [/error], produces [text/html]}: errorHtml(HttpServletRequest,HttpServletResponse)
2024-09-07 12-25-46 [restartedMain] DEBUG _.s.w.s.HandlerMapping.Mappings - 'beanNameHandlerMapping' {}
2024-09-07 12-25-46 [restartedMain] DEBUG _.s.w.s.HandlerMapping.Mappings - 'resourceHandlerMapping' {/webjars/**=ResourceHttpRequestHandler [classpath [META-INF/resources/webjars/]], /**=ResourceHttpRequestHandler [classpath [META-INF/resources/], classpath [resources/], classpath [static/], classpath [public/], ServletContext [/]]}
2024-09-07 12-25-46 [restartedMain] INFO  c.a.p.PasswordManagerApplication - Started PasswordManagerApplication in 0.147 seconds (process running for 111.559)
2024-09-07 12-25-48 [http-nio-3000-exec-1] DEBUG c.a.p.c.CredentialController - Creating Credential with Servicename: Bank, Username: Chintal98, Password: Ath@rva1972.
2024-09-07 12-25-48 [http-nio-3000-exec-1] INFO  c.a.p.c.CredentialController - Created Credential with Servicename: Bank, Username: Chintal98, Password: Ath@rva1972.
2024-09-07 12-25-51 [restartedMain] INFO  c.a.p.PasswordManagerApplication - Starting PasswordManagerApplication using Java 21.0.2 with PID 23732 (C:\Atharva\Java\Password_manager\pwm-backend\build\classes\java\main started by 108WS in C:\Atharva\Java\Password_manager\pwm-backend)
2024-09-07 12-25-51 [restartedMain] DEBUG c.a.p.PasswordManagerApplication - Running with Spring Boot v3.3.3, Spring v6.1.12
2024-09-07 12-25-51 [restartedMain] INFO  c.a.p.PasswordManagerApplication - The following 1 profile is active: "dev"
2024-09-07 12-25-51 [restartedMain] DEBUG _.s.w.s.HandlerMapping.Mappings - 
	c.a.p.c.CredentialController:
	{POST [/api/credentials]}: createCredential(Credential)
	{GET [/api/credentials/{id}]}: getCredentialById(String)
	{GET [/api/credentials]}: getAllCredentials()
2024-09-07 12-25-51 [restartedMain] DEBUG _.s.w.s.HandlerMapping.Mappings - 
	c.a.p.c.HelloFromPasswordManager:
	{GET [/sayhello]}: sayHello()
2024-09-07 12-25-51 [restartedMain] DEBUG _.s.w.s.HandlerMapping.Mappings - 
	o.s.b.a.w.s.e.BasicErrorController:
	{ [/error]}: error(HttpServletRequest)
	{ [/error], produces [text/html]}: errorHtml(HttpServletRequest,HttpServletResponse)
2024-09-07 12-25-51 [restartedMain] DEBUG _.s.w.s.HandlerMapping.Mappings - 'beanNameHandlerMapping' {}
2024-09-07 12-25-51 [restartedMain] DEBUG _.s.w.s.HandlerMapping.Mappings - 'resourceHandlerMapping' {/webjars/**=ResourceHttpRequestHandler [classpath [META-INF/resources/webjars/]], /**=ResourceHttpRequestHandler [classpath [META-INF/resources/], classpath [resources/], classpath [static/], classpath [public/], ServletContext [/]]}
2024-09-07 12-25-51 [restartedMain] INFO  c.a.p.PasswordManagerApplication - Started PasswordManagerApplication in 0.175 seconds (process running for 116.847)
2024-09-07 12-26-10 [background-preinit] DEBUG org.jboss.logging - Logging Provider: org.jboss.logging.Slf4jLoggerProvider found via system property
2024-09-07 12-26-10 [restartedMain] INFO  c.a.p.PasswordManagerApplication - Starting PasswordManagerApplication using Java 21.0.2 with PID 3648 (C:\Atharva\Java\Password_manager\pwm-backend\build\classes\java\main started by 108WS in C:\Atharva\Java\Password_manager\pwm-backend)
2024-09-07 12-26-10 [restartedMain] DEBUG c.a.p.PasswordManagerApplication - Running with Spring Boot v3.3.3, Spring v6.1.12
2024-09-07 12-26-10 [restartedMain] INFO  c.a.p.PasswordManagerApplication - The following 1 profile is active: "dev"
2024-09-07 12-26-10 [restartedMain] DEBUG _.s.w.s.HandlerMapping.Mappings - 
	c.a.p.c.CredentialController:
	{GET [/api/credentials/{id}]}: getCredentialById(String)
	{GET [/api/credentials]}: getAllCredentials()
	{POST [/api/credentials]}: createCredential(Credential)
2024-09-07 12-26-10 [restartedMain] DEBUG _.s.w.s.HandlerMapping.Mappings - 
	c.a.p.c.HelloFromPasswordManager:
	{GET [/sayhello]}: sayHello()
2024-09-07 12-26-10 [restartedMain] DEBUG _.s.w.s.HandlerMapping.Mappings - 
	o.s.b.a.w.s.e.BasicErrorController:
	{ [/error]}: error(HttpServletRequest)
	{ [/error], produces [text/html]}: errorHtml(HttpServletRequest,HttpServletResponse)
2024-09-07 12-26-10 [restartedMain] DEBUG _.s.w.s.HandlerMapping.Mappings - 'beanNameHandlerMapping' {}
2024-09-07 12-26-10 [restartedMain] DEBUG _.s.w.s.HandlerMapping.Mappings - 'resourceHandlerMapping' {/webjars/**=ResourceHttpRequestHandler [classpath [META-INF/resources/webjars/]], /**=ResourceHttpRequestHandler [classpath [META-INF/resources/], classpath [resources/], classpath [static/], classpath [public/], ServletContext [/]]}
2024-09-07 12-26-11 [restartedMain] INFO  c.a.p.PasswordManagerApplication - Started PasswordManagerApplication in 1.095 seconds (process running for 1.321)
2024-09-07 12-26-14 [http-nio-3000-exec-3] DEBUG c.a.p.c.CredentialController - Creating Credential with Servicename: Bank, Username: Chintal98, Password: Ath@rva1972.
2024-09-07 12-26-14 [http-nio-3000-exec-3] INFO  c.a.p.c.CredentialController - Created Credential with Servicename: Bank, Username: Chintal98, Password: Ath@rva1972.
2024-09-07 12-26-18 [restartedMain] INFO  c.a.p.PasswordManagerApplication - Starting PasswordManagerApplication using Java 21.0.2 with PID 3648 (C:\Atharva\Java\Password_manager\pwm-backend\build\classes\java\main started by 108WS in C:\Atharva\Java\Password_manager\pwm-backend)
2024-09-07 12-26-18 [restartedMain] DEBUG c.a.p.PasswordManagerApplication - Running with Spring Boot v3.3.3, Spring v6.1.12
2024-09-07 12-26-18 [restartedMain] INFO  c.a.p.PasswordManagerApplication - The following 1 profile is active: "dev"
2024-09-07 12-26-18 [restartedMain] DEBUG _.s.w.s.HandlerMapping.Mappings - 
	c.a.p.c.CredentialController:
	{GET [/api/credentials/{id}]}: getCredentialById(String)
	{GET [/api/credentials]}: getAllCredentials()
	{POST [/api/credentials]}: createCredential(Credential)
2024-09-07 12-26-18 [restartedMain] DEBUG _.s.w.s.HandlerMapping.Mappings - 
	c.a.p.c.HelloFromPasswordManager:
	{GET [/sayhello]}: sayHello()
2024-09-07 12-26-18 [restartedMain] DEBUG _.s.w.s.HandlerMapping.Mappings - 
	o.s.b.a.w.s.e.BasicErrorController:
	{ [/error]}: error(HttpServletRequest)
	{ [/error], produces [text/html]}: errorHtml(HttpServletRequest,HttpServletResponse)
2024-09-07 12-26-18 [restartedMain] DEBUG _.s.w.s.HandlerMapping.Mappings - 'beanNameHandlerMapping' {}
2024-09-07 12-26-18 [restartedMain] DEBUG _.s.w.s.HandlerMapping.Mappings - 'resourceHandlerMapping' {/webjars/**=ResourceHttpRequestHandler [classpath [META-INF/resources/webjars/]], /**=ResourceHttpRequestHandler [classpath [META-INF/resources/], classpath [resources/], classpath [static/], classpath [public/], ServletContext [/]]}
2024-09-07 12-26-18 [restartedMain] INFO  c.a.p.PasswordManagerApplication - Started PasswordManagerApplication in 0.176 seconds (process running for 8.582)
2024-09-07 12-26-43 [background-preinit] DEBUG org.jboss.logging - Logging Provider: org.jboss.logging.Slf4jLoggerProvider found via system property
2024-09-07 12-26-43 [restartedMain] INFO  c.a.p.PasswordManagerApplication - Starting PasswordManagerApplication using Java 21.0.2 with PID 33332 (C:\Atharva\Java\Password_manager\pwm-backend\build\classes\java\main started by 108WS in C:\Atharva\Java\Password_manager\pwm-backend)
2024-09-07 12-26-43 [restartedMain] DEBUG c.a.p.PasswordManagerApplication - Running with Spring Boot v3.3.3, Spring v6.1.12
2024-09-07 12-26-43 [restartedMain] INFO  c.a.p.PasswordManagerApplication - The following 1 profile is active: "dev"
2024-09-07 12-26-44 [restartedMain] DEBUG _.s.w.s.HandlerMapping.Mappings - 
	c.a.p.c.CredentialController:
	{POST [/api/credentials]}: createCredential(Credential)
	{GET [/api/credentials]}: getAllCredentials()
	{GET [/api/credentials/{id}]}: getCredentialById(String)
2024-09-07 12-26-44 [restartedMain] DEBUG _.s.w.s.HandlerMapping.Mappings - 
	c.a.p.c.HelloFromPasswordManager:
	{GET [/sayhello]}: sayHello()
2024-09-07 12-26-44 [restartedMain] DEBUG _.s.w.s.HandlerMapping.Mappings - 
	o.s.b.a.w.s.e.BasicErrorController:
	{ [/error]}: error(HttpServletRequest)
	{ [/error], produces [text/html]}: errorHtml(HttpServletRequest,HttpServletResponse)
2024-09-07 12-26-44 [restartedMain] DEBUG _.s.w.s.HandlerMapping.Mappings - 'beanNameHandlerMapping' {}
2024-09-07 12-26-44 [restartedMain] DEBUG _.s.w.s.HandlerMapping.Mappings - 'resourceHandlerMapping' {/webjars/**=ResourceHttpRequestHandler [classpath [META-INF/resources/webjars/]], /**=ResourceHttpRequestHandler [classpath [META-INF/resources/], classpath [resources/], classpath [static/], classpath [public/], ServletContext [/]]}
2024-09-07 12-26-44 [restartedMain] INFO  c.a.p.PasswordManagerApplication - Started PasswordManagerApplication in 1.036 seconds (process running for 1.282)
2024-09-07 12-26-51 [http-nio-3000-exec-1] DEBUG c.a.p.c.CredentialController - Creating Credential with Servicename: Bank, Username: Chintal98, Password: Ath@rva1972.
2024-09-07 12-26-51 [http-nio-3000-exec-1] INFO  c.a.p.c.CredentialController - Created Credential with Servicename: Bank, Username: Chintal98, Password: Ath@rva1972.
2024-09-07 12-26-55 [restartedMain] INFO  c.a.p.PasswordManagerApplication - Starting PasswordManagerApplication using Java 21.0.2 with PID 33332 (C:\Atharva\Java\Password_manager\pwm-backend\build\classes\java\main started by 108WS in C:\Atharva\Java\Password_manager\pwm-backend)
2024-09-07 12-26-55 [restartedMain] DEBUG c.a.p.PasswordManagerApplication - Running with Spring Boot v3.3.3, Spring v6.1.12
2024-09-07 12-26-55 [restartedMain] INFO  c.a.p.PasswordManagerApplication - The following 1 profile is active: "dev"
2024-09-07 12-26-55 [restartedMain] DEBUG _.s.w.s.HandlerMapping.Mappings - 
	c.a.p.c.CredentialController:
	{POST [/api/credentials]}: createCredential(Credential)
	{GET [/api/credentials]}: getAllCredentials()
	{GET [/api/credentials/{id}]}: getCredentialById(String)
2024-09-07 12-26-55 [restartedMain] DEBUG _.s.w.s.HandlerMapping.Mappings - 
	c.a.p.c.HelloFromPasswordManager:
	{GET [/sayhello]}: sayHello()
2024-09-07 12-26-55 [restartedMain] DEBUG _.s.w.s.HandlerMapping.Mappings - 
	o.s.b.a.w.s.e.BasicErrorController:
	{ [/error]}: error(HttpServletRequest)
	{ [/error], produces [text/html]}: errorHtml(HttpServletRequest,HttpServletResponse)
2024-09-07 12-26-55 [restartedMain] DEBUG _.s.w.s.HandlerMapping.Mappings - 'beanNameHandlerMapping' {}
2024-09-07 12-26-55 [restartedMain] DEBUG _.s.w.s.HandlerMapping.Mappings - 'resourceHandlerMapping' {/webjars/**=ResourceHttpRequestHandler [classpath [META-INF/resources/webjars/]], /**=ResourceHttpRequestHandler [classpath [META-INF/resources/], classpath [resources/], classpath [static/], classpath [public/], ServletContext [/]]}
2024-09-07 12-26-55 [restartedMain] INFO  c.a.p.PasswordManagerApplication - Started PasswordManagerApplication in 0.172 seconds (process running for 12.577)
2024-09-07 12-52-38 [background-preinit] DEBUG org.jboss.logging - Logging Provider: org.jboss.logging.Slf4jLoggerProvider found via system property
2024-09-07 12-52-38 [restartedMain] INFO  c.a.p.PasswordManagerApplication - Starting PasswordManagerApplication using Java 21.0.2 with PID 37600 (C:\Atharva\Java\Password_manager\pwm-backend\build\classes\java\main started by 108WS in C:\Atharva\Java\Password_manager\pwm-backend)
2024-09-07 12-52-38 [restartedMain] DEBUG c.a.p.PasswordManagerApplication - Running with Spring Boot v3.3.3, Spring v6.1.12
2024-09-07 12-52-38 [restartedMain] INFO  c.a.p.PasswordManagerApplication - The following 1 profile is active: "dev"
2024-09-07 12-52-39 [restartedMain] DEBUG _.s.w.s.HandlerMapping.Mappings - 
	c.a.p.c.CredentialController:
	{GET [/api/credentials/{id}]}: getCredentialById(String)
	{GET [/api/credentials]}: getAllCredentials()
	{POST [/api/credentials]}: createCredential(Credential)
2024-09-07 12-52-39 [restartedMain] DEBUG _.s.w.s.HandlerMapping.Mappings - 
	c.a.p.c.HelloFromPasswordManager:
	{GET [/sayhello]}: sayHello()
2024-09-07 12-52-39 [restartedMain] DEBUG _.s.w.s.HandlerMapping.Mappings - 
	o.s.b.a.w.s.e.BasicErrorController:
	{ [/error]}: error(HttpServletRequest)
	{ [/error], produces [text/html]}: errorHtml(HttpServletRequest,HttpServletResponse)
2024-09-07 12-52-39 [restartedMain] DEBUG _.s.w.s.HandlerMapping.Mappings - 'beanNameHandlerMapping' {}
2024-09-07 12-52-39 [restartedMain] DEBUG _.s.w.s.HandlerMapping.Mappings - 'resourceHandlerMapping' {/webjars/**=ResourceHttpRequestHandler [classpath [META-INF/resources/webjars/]], /**=ResourceHttpRequestHandler [classpath [META-INF/resources/], classpath [resources/], classpath [static/], classpath [public/], ServletContext [/]]}
2024-09-07 12-52-39 [restartedMain] INFO  c.a.p.PasswordManagerApplication - Started PasswordManagerApplication in 1.034 seconds (process running for 1.257)
2024-09-07 12-52-43 [http-nio-3000-exec-10] DEBUG c.a.p.c.CredentialController - Creating Credential with Servicename: Bank, Username: Chintal98, Password: Ath@rva1972.
2024-09-07 12-52-43 [http-nio-3000-exec-10] INFO  c.a.p.c.CredentialController - Created Credential with Servicename: Bank, Username: Chintal98, Password: Ath@rva1972.
2024-09-07 12-52-46 [restartedMain] INFO  c.a.p.PasswordManagerApplication - Starting PasswordManagerApplication using Java 21.0.2 with PID 37600 (C:\Atharva\Java\Password_manager\pwm-backend\build\classes\java\main started by 108WS in C:\Atharva\Java\Password_manager\pwm-backend)
2024-09-07 12-52-46 [restartedMain] DEBUG c.a.p.PasswordManagerApplication - Running with Spring Boot v3.3.3, Spring v6.1.12
2024-09-07 12-52-46 [restartedMain] INFO  c.a.p.PasswordManagerApplication - The following 1 profile is active: "dev"
2024-09-07 12-52-46 [restartedMain] DEBUG _.s.w.s.HandlerMapping.Mappings - 
	c.a.p.c.CredentialController:
	{GET [/api/credentials/{id}]}: getCredentialById(String)
	{GET [/api/credentials]}: getAllCredentials()
	{POST [/api/credentials]}: createCredential(Credential)
2024-09-07 12-52-46 [restartedMain] DEBUG _.s.w.s.HandlerMapping.Mappings - 
	c.a.p.c.HelloFromPasswordManager:
	{GET [/sayhello]}: sayHello()
2024-09-07 12-52-46 [restartedMain] DEBUG _.s.w.s.HandlerMapping.Mappings - 
	o.s.b.a.w.s.e.BasicErrorController:
	{ [/error]}: error(HttpServletRequest)
	{ [/error], produces [text/html]}: errorHtml(HttpServletRequest,HttpServletResponse)
2024-09-07 12-52-46 [restartedMain] DEBUG _.s.w.s.HandlerMapping.Mappings - 'beanNameHandlerMapping' {}
2024-09-07 12-52-46 [restartedMain] DEBUG _.s.w.s.HandlerMapping.Mappings - 'resourceHandlerMapping' {/webjars/**=ResourceHttpRequestHandler [classpath [META-INF/resources/webjars/]], /**=ResourceHttpRequestHandler [classpath [META-INF/resources/], classpath [resources/], classpath [static/], classpath [public/], ServletContext [/]]}
2024-09-07 12-52-46 [restartedMain] INFO  c.a.p.PasswordManagerApplication - Started PasswordManagerApplication in 0.172 seconds (process running for 8.516)
2024-09-07 12-53-31 [http-nio-3000-exec-1] DEBUG c.a.p.c.CredentialController - Creating Credential with Servicename: Bank, Username: Chintal98, Password: Ath@rva1972.
2024-09-07 12-53-31 [http-nio-3000-exec-1] INFO  c.a.p.c.CredentialController - Created Credential with Servicename: Bank, Username: Chintal98, Password: Ath@rva1972.
2024-09-07 12-53-34 [restartedMain] INFO  c.a.p.PasswordManagerApplication - Starting PasswordManagerApplication using Java 21.0.2 with PID 37600 (C:\Atharva\Java\Password_manager\pwm-backend\build\classes\java\main started by 108WS in C:\Atharva\Java\Password_manager\pwm-backend)
2024-09-07 12-53-34 [restartedMain] DEBUG c.a.p.PasswordManagerApplication - Running with Spring Boot v3.3.3, Spring v6.1.12
2024-09-07 12-53-34 [restartedMain] INFO  c.a.p.PasswordManagerApplication - The following 1 profile is active: "dev"
2024-09-07 12-53-34 [restartedMain] DEBUG _.s.w.s.HandlerMapping.Mappings - 
	c.a.p.c.CredentialController:
	{GET [/api/credentials/{id}]}: getCredentialById(String)
	{GET [/api/credentials]}: getAllCredentials()
	{POST [/api/credentials]}: createCredential(Credential)
2024-09-07 12-53-34 [restartedMain] DEBUG _.s.w.s.HandlerMapping.Mappings - 
	c.a.p.c.HelloFromPasswordManager:
	{GET [/sayhello]}: sayHello()
2024-09-07 12-53-34 [restartedMain] DEBUG _.s.w.s.HandlerMapping.Mappings - 
	o.s.b.a.w.s.e.BasicErrorController:
	{ [/error]}: error(HttpServletRequest)
	{ [/error], produces [text/html]}: errorHtml(HttpServletRequest,HttpServletResponse)
2024-09-07 12-53-34 [restartedMain] DEBUG _.s.w.s.HandlerMapping.Mappings - 'beanNameHandlerMapping' {}
2024-09-07 12-53-34 [restartedMain] DEBUG _.s.w.s.HandlerMapping.Mappings - 'resourceHandlerMapping' {/webjars/**=ResourceHttpRequestHandler [classpath [META-INF/resources/webjars/]], /**=ResourceHttpRequestHandler [classpath [META-INF/resources/], classpath [resources/], classpath [static/], classpath [public/], ServletContext [/]]}
2024-09-07 12-53-34 [restartedMain] INFO  c.a.p.PasswordManagerApplication - Started PasswordManagerApplication in 0.152 seconds (process running for 56.181)
2024-09-07 12-54-25 [restartedMain] INFO  c.a.p.PasswordManagerApplication - Starting PasswordManagerApplication using Java 21.0.2 with PID 37600 (C:\Atharva\Java\Password_manager\pwm-backend\build\classes\java\main started by 108WS in C:\Atharva\Java\Password_manager\pwm-backend)
2024-09-07 12-54-25 [restartedMain] DEBUG c.a.p.PasswordManagerApplication - Running with Spring Boot v3.3.3, Spring v6.1.12
2024-09-07 12-54-25 [restartedMain] INFO  c.a.p.PasswordManagerApplication - The following 1 profile is active: "dev"
2024-09-07 12-54-25 [restartedMain] DEBUG _.s.w.s.HandlerMapping.Mappings - 
	c.a.p.c.CredentialController:
	{GET [/api/credentials/{id}]}: getCredentialById(String)
	{GET [/api/credentials]}: getAllCredentials()
	{POST [/api/credentials]}: createCredential(Credential)
2024-09-07 12-54-25 [restartedMain] DEBUG _.s.w.s.HandlerMapping.Mappings - 
	c.a.p.c.HelloFromPasswordManager:
	{GET [/sayhello]}: sayHello()
2024-09-07 12-54-25 [restartedMain] DEBUG _.s.w.s.HandlerMapping.Mappings - 
	o.s.b.a.w.s.e.BasicErrorController:
	{ [/error]}: error(HttpServletRequest)
	{ [/error], produces [text/html]}: errorHtml(HttpServletRequest,HttpServletResponse)
2024-09-07 12-54-25 [restartedMain] DEBUG _.s.w.s.HandlerMapping.Mappings - 'beanNameHandlerMapping' {}
2024-09-07 12-54-25 [restartedMain] DEBUG _.s.w.s.HandlerMapping.Mappings - 'resourceHandlerMapping' {/webjars/**=ResourceHttpRequestHandler [classpath [META-INF/resources/webjars/]], /**=ResourceHttpRequestHandler [classpath [META-INF/resources/], classpath [resources/], classpath [static/], classpath [public/], ServletContext [/]]}
2024-09-07 12-54-25 [restartedMain] INFO  c.a.p.PasswordManagerApplication - Started PasswordManagerApplication in 0.146 seconds (process running for 107.91)
2024-09-07 12-54-33 [http-nio-3000-exec-1] DEBUG c.a.p.c.CredentialController - Creating Credential with Servicename: Bank, Username: Chintal98, Password: Ath@rva1972.
2024-09-07 12-54-33 [http-nio-3000-exec-1] INFO  c.a.p.c.CredentialController - Created Credential with Servicename: Bank, Username: Chintal98, Password: Ath@rva1972.
2024-09-07 12-54-37 [restartedMain] INFO  c.a.p.PasswordManagerApplication - Starting PasswordManagerApplication using Java 21.0.2 with PID 37600 (C:\Atharva\Java\Password_manager\pwm-backend\build\classes\java\main started by 108WS in C:\Atharva\Java\Password_manager\pwm-backend)
2024-09-07 12-54-37 [restartedMain] DEBUG c.a.p.PasswordManagerApplication - Running with Spring Boot v3.3.3, Spring v6.1.12
2024-09-07 12-54-37 [restartedMain] INFO  c.a.p.PasswordManagerApplication - The following 1 profile is active: "dev"
2024-09-07 12-54-37 [restartedMain] DEBUG _.s.w.s.HandlerMapping.Mappings - 
	c.a.p.c.CredentialController:
	{GET [/api/credentials/{id}]}: getCredentialById(String)
	{GET [/api/credentials]}: getAllCredentials()
	{POST [/api/credentials]}: createCredential(Credential)
2024-09-07 12-54-37 [restartedMain] DEBUG _.s.w.s.HandlerMapping.Mappings - 
	c.a.p.c.HelloFromPasswordManager:
	{GET [/sayhello]}: sayHello()
2024-09-07 12-54-37 [restartedMain] DEBUG _.s.w.s.HandlerMapping.Mappings - 
	o.s.b.a.w.s.e.BasicErrorController:
	{ [/error]}: error(HttpServletRequest)
	{ [/error], produces [text/html]}: errorHtml(HttpServletRequest,HttpServletResponse)
2024-09-07 12-54-37 [restartedMain] DEBUG _.s.w.s.HandlerMapping.Mappings - 'beanNameHandlerMapping' {}
2024-09-07 12-54-37 [restartedMain] DEBUG _.s.w.s.HandlerMapping.Mappings - 'resourceHandlerMapping' {/webjars/**=ResourceHttpRequestHandler [classpath [META-INF/resources/webjars/]], /**=ResourceHttpRequestHandler [classpath [META-INF/resources/], classpath [resources/], classpath [static/], classpath [public/], ServletContext [/]]}
2024-09-07 12-54-37 [restartedMain] INFO  c.a.p.PasswordManagerApplication - Started PasswordManagerApplication in 0.145 seconds (process running for 119.186)
2024-09-07 12-55-36 [restartedMain] INFO  c.a.p.PasswordManagerApplication - Starting PasswordManagerApplication using Java 21.0.2 with PID 37600 (C:\Atharva\Java\Password_manager\pwm-backend\build\classes\java\main started by 108WS in C:\Atharva\Java\Password_manager\pwm-backend)
2024-09-07 12-55-36 [restartedMain] DEBUG c.a.p.PasswordManagerApplication - Running with Spring Boot v3.3.3, Spring v6.1.12
2024-09-07 12-55-36 [restartedMain] INFO  c.a.p.PasswordManagerApplication - The following 1 profile is active: "dev"
2024-09-07 12-55-36 [restartedMain] DEBUG _.s.w.s.HandlerMapping.Mappings - 
	c.a.p.c.CredentialController:
	{GET [/api/credentials/{id}]}: getCredentialById(String)
	{GET [/api/credentials]}: getAllCredentials()
	{POST [/api/credentials]}: createCredential(Credential)
2024-09-07 12-55-36 [restartedMain] DEBUG _.s.w.s.HandlerMapping.Mappings - 
	c.a.p.c.HelloFromPasswordManager:
	{GET [/sayhello]}: sayHello()
2024-09-07 12-55-36 [restartedMain] DEBUG _.s.w.s.HandlerMapping.Mappings - 
	o.s.b.a.w.s.e.BasicErrorController:
	{ [/error]}: error(HttpServletRequest)
	{ [/error], produces [text/html]}: errorHtml(HttpServletRequest,HttpServletResponse)
2024-09-07 12-55-36 [restartedMain] DEBUG _.s.w.s.HandlerMapping.Mappings - 'beanNameHandlerMapping' {}
2024-09-07 12-55-36 [restartedMain] DEBUG _.s.w.s.HandlerMapping.Mappings - 'resourceHandlerMapping' {/webjars/**=ResourceHttpRequestHandler [classpath [META-INF/resources/webjars/]], /**=ResourceHttpRequestHandler [classpath [META-INF/resources/], classpath [resources/], classpath [static/], classpath [public/], ServletContext [/]]}
2024-09-07 12-55-36 [restartedMain] INFO  c.a.p.PasswordManagerApplication - Started PasswordManagerApplication in 0.155 seconds (process running for 178.936)
2024-09-07 12-55-37 [http-nio-3000-exec-3] DEBUG c.a.p.c.CredentialController - Creating Credential with Servicename: Bank, Username: Chintal98, Password: Ath@rva1972.
2024-09-07 12-55-37 [http-nio-3000-exec-3] INFO  c.a.p.c.CredentialController - Created Credential with Servicename: Bank, Username: Chintal98, Password: Ath@rva1972.
2024-09-07 12-55-40 [restartedMain] INFO  c.a.p.PasswordManagerApplication - Starting PasswordManagerApplication using Java 21.0.2 with PID 37600 (C:\Atharva\Java\Password_manager\pwm-backend\build\classes\java\main started by 108WS in C:\Atharva\Java\Password_manager\pwm-backend)
2024-09-07 12-55-40 [restartedMain] DEBUG c.a.p.PasswordManagerApplication - Running with Spring Boot v3.3.3, Spring v6.1.12
2024-09-07 12-55-40 [restartedMain] INFO  c.a.p.PasswordManagerApplication - The following 1 profile is active: "dev"
2024-09-07 12-55-40 [restartedMain] DEBUG _.s.w.s.HandlerMapping.Mappings - 
	c.a.p.c.CredentialController:
	{GET [/api/credentials/{id}]}: getCredentialById(String)
	{GET [/api/credentials]}: getAllCredentials()
	{POST [/api/credentials]}: createCredential(Credential)
2024-09-07 12-55-40 [restartedMain] DEBUG _.s.w.s.HandlerMapping.Mappings - 
	c.a.p.c.HelloFromPasswordManager:
	{GET [/sayhello]}: sayHello()
2024-09-07 12-55-40 [restartedMain] DEBUG _.s.w.s.HandlerMapping.Mappings - 
	o.s.b.a.w.s.e.BasicErrorController:
	{ [/error]}: error(HttpServletRequest)
	{ [/error], produces [text/html]}: errorHtml(HttpServletRequest,HttpServletResponse)
2024-09-07 12-55-40 [restartedMain] DEBUG _.s.w.s.HandlerMapping.Mappings - 'beanNameHandlerMapping' {}
2024-09-07 12-55-40 [restartedMain] DEBUG _.s.w.s.HandlerMapping.Mappings - 'resourceHandlerMapping' {/webjars/**=ResourceHttpRequestHandler [classpath [META-INF/resources/webjars/]], /**=ResourceHttpRequestHandler [classpath [META-INF/resources/], classpath [resources/], classpath [static/], classpath [public/], ServletContext [/]]}
2024-09-07 12-55-40 [restartedMain] INFO  c.a.p.PasswordManagerApplication - Started PasswordManagerApplication in 0.168 seconds (process running for 182.167)
2024-09-07 12-55-58 [background-preinit] DEBUG org.jboss.logging - Logging Provider: org.jboss.logging.Slf4jLoggerProvider found via system property
2024-09-07 12-55-58 [restartedMain] INFO  c.a.p.PasswordManagerApplication - Starting PasswordManagerApplication using Java 21.0.2 with PID 29984 (C:\Atharva\Java\Password_manager\pwm-backend\build\classes\java\main started by 108WS in C:\Atharva\Java\Password_manager\pwm-backend)
2024-09-07 12-55-58 [restartedMain] DEBUG c.a.p.PasswordManagerApplication - Running with Spring Boot v3.3.3, Spring v6.1.12
2024-09-07 12-55-58 [restartedMain] INFO  c.a.p.PasswordManagerApplication - The following 1 profile is active: "dev"
2024-09-07 12-55-59 [restartedMain] DEBUG _.s.w.s.HandlerMapping.Mappings - 
	c.a.p.c.CredentialController:
	{POST [/api/credentials]}: createCredential(Credential)
	{GET [/api/credentials]}: getAllCredentials()
	{GET [/api/credentials/{id}]}: getCredentialById(String)
2024-09-07 12-55-59 [restartedMain] DEBUG _.s.w.s.HandlerMapping.Mappings - 
	c.a.p.c.HelloFromPasswordManager:
	{GET [/sayhello]}: sayHello()
2024-09-07 12-55-59 [restartedMain] DEBUG _.s.w.s.HandlerMapping.Mappings - 
	o.s.b.a.w.s.e.BasicErrorController:
	{ [/error]}: error(HttpServletRequest)
	{ [/error], produces [text/html]}: errorHtml(HttpServletRequest,HttpServletResponse)
2024-09-07 12-55-59 [restartedMain] DEBUG _.s.w.s.HandlerMapping.Mappings - 'beanNameHandlerMapping' {}
2024-09-07 12-55-59 [restartedMain] DEBUG _.s.w.s.HandlerMapping.Mappings - 'resourceHandlerMapping' {/webjars/**=ResourceHttpRequestHandler [classpath [META-INF/resources/webjars/]], /**=ResourceHttpRequestHandler [classpath [META-INF/resources/], classpath [resources/], classpath [static/], classpath [public/], ServletContext [/]]}
2024-09-07 12-55-59 [restartedMain] INFO  c.a.p.PasswordManagerApplication - Started PasswordManagerApplication in 1.155 seconds (process running for 1.388)
2024-09-07 12-56-04 [http-nio-3000-exec-2] DEBUG c.a.p.c.CredentialController - Creating Credential with Servicename: Bank, Username: Chintal98, Password: Ath@rva1972.
2024-09-07 12-56-04 [http-nio-3000-exec-2] INFO  c.a.p.c.CredentialController - Created Credential with Servicename: Bank, Username: Chintal98, Password: Ath@rva1972.
2024-09-07 12-56-08 [restartedMain] INFO  c.a.p.PasswordManagerApplication - Starting PasswordManagerApplication using Java 21.0.2 with PID 29984 (C:\Atharva\Java\Password_manager\pwm-backend\build\classes\java\main started by 108WS in C:\Atharva\Java\Password_manager\pwm-backend)
2024-09-07 12-56-08 [restartedMain] DEBUG c.a.p.PasswordManagerApplication - Running with Spring Boot v3.3.3, Spring v6.1.12
2024-09-07 12-56-08 [restartedMain] INFO  c.a.p.PasswordManagerApplication - The following 1 profile is active: "dev"
2024-09-07 12-56-08 [restartedMain] DEBUG _.s.w.s.HandlerMapping.Mappings - 
	c.a.p.c.CredentialController:
	{POST [/api/credentials]}: createCredential(Credential)
	{GET [/api/credentials]}: getAllCredentials()
	{GET [/api/credentials/{id}]}: getCredentialById(String)
2024-09-07 12-56-08 [restartedMain] DEBUG _.s.w.s.HandlerMapping.Mappings - 
	c.a.p.c.HelloFromPasswordManager:
	{GET [/sayhello]}: sayHello()
2024-09-07 12-56-08 [restartedMain] DEBUG _.s.w.s.HandlerMapping.Mappings - 
	o.s.b.a.w.s.e.BasicErrorController:
	{ [/error]}: error(HttpServletRequest)
	{ [/error], produces [text/html]}: errorHtml(HttpServletRequest,HttpServletResponse)
2024-09-07 12-56-08 [restartedMain] DEBUG _.s.w.s.HandlerMapping.Mappings - 'beanNameHandlerMapping' {}
2024-09-07 12-56-08 [restartedMain] DEBUG _.s.w.s.HandlerMapping.Mappings - 'resourceHandlerMapping' {/webjars/**=ResourceHttpRequestHandler [classpath [META-INF/resources/webjars/]], /**=ResourceHttpRequestHandler [classpath [META-INF/resources/], classpath [resources/], classpath [static/], classpath [public/], ServletContext [/]]}
2024-09-07 12-56-08 [restartedMain] INFO  c.a.p.PasswordManagerApplication - Started PasswordManagerApplication in 0.177 seconds (process running for 10.648)
2024-09-07 12-56-29 [restartedMain] INFO  c.a.p.PasswordManagerApplication - Starting PasswordManagerApplication using Java 21.0.2 with PID 29984 (C:\Atharva\Java\Password_manager\pwm-backend\build\classes\java\main started by 108WS in C:\Atharva\Java\Password_manager\pwm-backend)
2024-09-07 12-56-29 [restartedMain] DEBUG c.a.p.PasswordManagerApplication - Running with Spring Boot v3.3.3, Spring v6.1.12
2024-09-07 12-56-29 [restartedMain] INFO  c.a.p.PasswordManagerApplication - The following 1 profile is active: "dev"
2024-09-07 12-56-29 [restartedMain] DEBUG _.s.w.s.HandlerMapping.Mappings - 
	c.a.p.c.CredentialController:
	{POST [/api/credentials]}: createCredential(Credential)
	{GET [/api/credentials]}: getAllCredentials()
	{GET [/api/credentials/{id}]}: getCredentialById(String)
2024-09-07 12-56-29 [restartedMain] DEBUG _.s.w.s.HandlerMapping.Mappings - 
	c.a.p.c.HelloFromPasswordManager:
	{GET [/sayhello]}: sayHello()
2024-09-07 12-56-29 [restartedMain] DEBUG _.s.w.s.HandlerMapping.Mappings - 
	o.s.b.a.w.s.e.BasicErrorController:
	{ [/error]}: error(HttpServletRequest)
	{ [/error], produces [text/html]}: errorHtml(HttpServletRequest,HttpServletResponse)
2024-09-07 12-56-29 [restartedMain] DEBUG _.s.w.s.HandlerMapping.Mappings - 'beanNameHandlerMapping' {}
2024-09-07 12-56-29 [restartedMain] DEBUG _.s.w.s.HandlerMapping.Mappings - 'resourceHandlerMapping' {/webjars/**=ResourceHttpRequestHandler [classpath [META-INF/resources/webjars/]], /**=ResourceHttpRequestHandler [classpath [META-INF/resources/], classpath [resources/], classpath [static/], classpath [public/], ServletContext [/]]}
2024-09-07 12-56-29 [restartedMain] INFO  c.a.p.PasswordManagerApplication - Started PasswordManagerApplication in 0.147 seconds (process running for 31.967)
2024-09-07 12-56-34 [http-nio-3000-exec-1] DEBUG c.a.p.c.CredentialController - Creating Credential with Servicename: Bank, Username: Chintal98, Password: Ath@rva1972.
2024-09-07 12-56-34 [http-nio-3000-exec-1] INFO  c.a.p.c.CredentialController - Created Credential with Servicename: Bank, Username: Chintal98, Password: Ath@rva1972.
2024-09-07 12-56-36 [restartedMain] INFO  c.a.p.PasswordManagerApplication - Starting PasswordManagerApplication using Java 21.0.2 with PID 29984 (C:\Atharva\Java\Password_manager\pwm-backend\build\classes\java\main started by 108WS in C:\Atharva\Java\Password_manager\pwm-backend)
2024-09-07 12-56-36 [restartedMain] DEBUG c.a.p.PasswordManagerApplication - Running with Spring Boot v3.3.3, Spring v6.1.12
2024-09-07 12-56-36 [restartedMain] INFO  c.a.p.PasswordManagerApplication - The following 1 profile is active: "dev"
2024-09-07 12-56-37 [restartedMain] DEBUG _.s.w.s.HandlerMapping.Mappings - 
	c.a.p.c.CredentialController:
	{POST [/api/credentials]}: createCredential(Credential)
	{GET [/api/credentials]}: getAllCredentials()
	{GET [/api/credentials/{id}]}: getCredentialById(String)
2024-09-07 12-56-37 [restartedMain] DEBUG _.s.w.s.HandlerMapping.Mappings - 
	c.a.p.c.HelloFromPasswordManager:
	{GET [/sayhello]}: sayHello()
2024-09-07 12-56-37 [restartedMain] DEBUG _.s.w.s.HandlerMapping.Mappings - 
	o.s.b.a.w.s.e.BasicErrorController:
	{ [/error]}: error(HttpServletRequest)
	{ [/error], produces [text/html]}: errorHtml(HttpServletRequest,HttpServletResponse)
2024-09-07 12-56-37 [restartedMain] DEBUG _.s.w.s.HandlerMapping.Mappings - 'beanNameHandlerMapping' {}
2024-09-07 12-56-37 [restartedMain] DEBUG _.s.w.s.HandlerMapping.Mappings - 'resourceHandlerMapping' {/webjars/**=ResourceHttpRequestHandler [classpath [META-INF/resources/webjars/]], /**=ResourceHttpRequestHandler [classpath [META-INF/resources/], classpath [resources/], classpath [static/], classpath [public/], ServletContext [/]]}
2024-09-07 12-56-37 [restartedMain] INFO  c.a.p.PasswordManagerApplication - Started PasswordManagerApplication in 0.17 seconds (process running for 39.235)
2024-09-07 12-56-58 [background-preinit] DEBUG org.jboss.logging - Logging Provider: org.jboss.logging.Slf4jLoggerProvider found via system property
2024-09-07 12-56-58 [restartedMain] INFO  c.a.p.PasswordManagerApplication - Starting PasswordManagerApplication using Java 21.0.2 with PID 25920 (C:\Atharva\Java\Password_manager\pwm-backend\build\classes\java\main started by 108WS in C:\Atharva\Java\Password_manager\pwm-backend)
2024-09-07 12-56-58 [restartedMain] DEBUG c.a.p.PasswordManagerApplication - Running with Spring Boot v3.3.3, Spring v6.1.12
2024-09-07 12-56-58 [restartedMain] INFO  c.a.p.PasswordManagerApplication - The following 1 profile is active: "dev"
2024-09-07 12-56-58 [restartedMain] DEBUG _.s.w.s.HandlerMapping.Mappings - 
	c.a.p.c.CredentialController:
	{GET [/api/credentials/{id}]}: getCredentialById(String)
	{POST [/api/credentials]}: createCredential(Credential)
	{GET [/api/credentials]}: getAllCredentials()
2024-09-07 12-56-58 [restartedMain] DEBUG _.s.w.s.HandlerMapping.Mappings - 
	c.a.p.c.HelloFromPasswordManager:
	{GET [/sayhello]}: sayHello()
2024-09-07 12-56-58 [restartedMain] DEBUG _.s.w.s.HandlerMapping.Mappings - 
	o.s.b.a.w.s.e.BasicErrorController:
	{ [/error]}: error(HttpServletRequest)
	{ [/error], produces [text/html]}: errorHtml(HttpServletRequest,HttpServletResponse)
2024-09-07 12-56-58 [restartedMain] DEBUG _.s.w.s.HandlerMapping.Mappings - 'beanNameHandlerMapping' {}
2024-09-07 12-56-58 [restartedMain] DEBUG _.s.w.s.HandlerMapping.Mappings - 'resourceHandlerMapping' {/webjars/**=ResourceHttpRequestHandler [classpath [META-INF/resources/webjars/]], /**=ResourceHttpRequestHandler [classpath [META-INF/resources/], classpath [resources/], classpath [static/], classpath [public/], ServletContext [/]]}
2024-09-07 12-56-58 [restartedMain] INFO  c.a.p.PasswordManagerApplication - Started PasswordManagerApplication in 1.116 seconds (process running for 1.343)
2024-09-07 12-57-02 [http-nio-3000-exec-2] DEBUG c.a.p.c.CredentialController - Creating Credential with Servicename: Bank, Username: Chintal98, Password: Ath@rva1972.
2024-09-07 12-57-02 [http-nio-3000-exec-2] INFO  c.a.p.c.CredentialController - Created Credential with Servicename: Bank, Username: Chintal98, Password: Ath@rva1972.
2024-09-07 12-57-06 [restartedMain] INFO  c.a.p.PasswordManagerApplication - Starting PasswordManagerApplication using Java 21.0.2 with PID 25920 (C:\Atharva\Java\Password_manager\pwm-backend\build\classes\java\main started by 108WS in C:\Atharva\Java\Password_manager\pwm-backend)
2024-09-07 12-57-06 [restartedMain] DEBUG c.a.p.PasswordManagerApplication - Running with Spring Boot v3.3.3, Spring v6.1.12
2024-09-07 12-57-06 [restartedMain] INFO  c.a.p.PasswordManagerApplication - The following 1 profile is active: "dev"
2024-09-07 12-57-06 [restartedMain] DEBUG _.s.w.s.HandlerMapping.Mappings - 
	c.a.p.c.CredentialController:
	{GET [/api/credentials/{id}]}: getCredentialById(String)
	{POST [/api/credentials]}: createCredential(Credential)
	{GET [/api/credentials]}: getAllCredentials()
2024-09-07 12-57-06 [restartedMain] DEBUG _.s.w.s.HandlerMapping.Mappings - 
	c.a.p.c.HelloFromPasswordManager:
	{GET [/sayhello]}: sayHello()
2024-09-07 12-57-06 [restartedMain] DEBUG _.s.w.s.HandlerMapping.Mappings - 
	o.s.b.a.w.s.e.BasicErrorController:
	{ [/error]}: error(HttpServletRequest)
	{ [/error], produces [text/html]}: errorHtml(HttpServletRequest,HttpServletResponse)
2024-09-07 12-57-06 [restartedMain] DEBUG _.s.w.s.HandlerMapping.Mappings - 'beanNameHandlerMapping' {}
2024-09-07 12-57-06 [restartedMain] DEBUG _.s.w.s.HandlerMapping.Mappings - 'resourceHandlerMapping' {/webjars/**=ResourceHttpRequestHandler [classpath [META-INF/resources/webjars/]], /**=ResourceHttpRequestHandler [classpath [META-INF/resources/], classpath [resources/], classpath [static/], classpath [public/], ServletContext [/]]}
2024-09-07 12-57-06 [restartedMain] INFO  c.a.p.PasswordManagerApplication - Started PasswordManagerApplication in 0.186 seconds (process running for 8.596)
2024-09-07 12-57-39 [http-nio-3000-exec-2] DEBUG c.a.p.c.CredentialController - Creating Credential with Servicename: Bank, Username: Chintal98, Password: Ath@rva1.
2024-09-07 12-57-39 [http-nio-3000-exec-2] INFO  c.a.p.c.CredentialController - Created Credential with Servicename: Bank, Username: Chintal98, Password: Ath@rva1.
2024-09-07 12-57-41 [restartedMain] INFO  c.a.p.PasswordManagerApplication - Starting PasswordManagerApplication using Java 21.0.2 with PID 25920 (C:\Atharva\Java\Password_manager\pwm-backend\build\classes\java\main started by 108WS in C:\Atharva\Java\Password_manager\pwm-backend)
2024-09-07 12-57-41 [restartedMain] DEBUG c.a.p.PasswordManagerApplication - Running with Spring Boot v3.3.3, Spring v6.1.12
2024-09-07 12-57-41 [restartedMain] INFO  c.a.p.PasswordManagerApplication - The following 1 profile is active: "dev"
2024-09-07 12-57-41 [restartedMain] DEBUG _.s.w.s.HandlerMapping.Mappings - 
	c.a.p.c.CredentialController:
	{GET [/api/credentials/{id}]}: getCredentialById(String)
	{POST [/api/credentials]}: createCredential(Credential)
	{GET [/api/credentials]}: getAllCredentials()
2024-09-07 12-57-41 [restartedMain] DEBUG _.s.w.s.HandlerMapping.Mappings - 
	c.a.p.c.HelloFromPasswordManager:
	{GET [/sayhello]}: sayHello()
2024-09-07 12-57-41 [restartedMain] DEBUG _.s.w.s.HandlerMapping.Mappings - 
	o.s.b.a.w.s.e.BasicErrorController:
	{ [/error]}: error(HttpServletRequest)
	{ [/error], produces [text/html]}: errorHtml(HttpServletRequest,HttpServletResponse)
2024-09-07 12-57-41 [restartedMain] DEBUG _.s.w.s.HandlerMapping.Mappings - 'beanNameHandlerMapping' {}
2024-09-07 12-57-41 [restartedMain] DEBUG _.s.w.s.HandlerMapping.Mappings - 'resourceHandlerMapping' {/webjars/**=ResourceHttpRequestHandler [classpath [META-INF/resources/webjars/]], /**=ResourceHttpRequestHandler [classpath [META-INF/resources/], classpath [resources/], classpath [static/], classpath [public/], ServletContext [/]]}
2024-09-07 12-57-41 [restartedMain] INFO  c.a.p.PasswordManagerApplication - Started PasswordManagerApplication in 0.333 seconds (process running for 44.363)
2024-09-07 12-58-21 [restartedMain] INFO  c.a.p.PasswordManagerApplication - Starting PasswordManagerApplication using Java 21.0.2 with PID 25920 (C:\Atharva\Java\Password_manager\pwm-backend\build\classes\java\main started by 108WS in C:\Atharva\Java\Password_manager\pwm-backend)
2024-09-07 12-58-21 [restartedMain] DEBUG c.a.p.PasswordManagerApplication - Running with Spring Boot v3.3.3, Spring v6.1.12
2024-09-07 12-58-21 [restartedMain] INFO  c.a.p.PasswordManagerApplication - The following 1 profile is active: "dev"
2024-09-07 12-58-21 [restartedMain] DEBUG _.s.w.s.HandlerMapping.Mappings - 
	c.a.p.c.CredentialController:
	{GET [/api/credentials/{id}]}: getCredentialById(String)
	{POST [/api/credentials]}: createCredential(Credential)
	{GET [/api/credentials]}: getAllCredentials()
2024-09-07 12-58-21 [restartedMain] DEBUG _.s.w.s.HandlerMapping.Mappings - 
	c.a.p.c.HelloFromPasswordManager:
	{GET [/sayhello]}: sayHello()
2024-09-07 12-58-21 [restartedMain] DEBUG _.s.w.s.HandlerMapping.Mappings - 
	o.s.b.a.w.s.e.BasicErrorController:
	{ [/error]}: error(HttpServletRequest)
	{ [/error], produces [text/html]}: errorHtml(HttpServletRequest,HttpServletResponse)
2024-09-07 12-58-21 [restartedMain] DEBUG _.s.w.s.HandlerMapping.Mappings - 'beanNameHandlerMapping' {}
2024-09-07 12-58-21 [restartedMain] DEBUG _.s.w.s.HandlerMapping.Mappings - 'resourceHandlerMapping' {/webjars/**=ResourceHttpRequestHandler [classpath [META-INF/resources/webjars/]], /**=ResourceHttpRequestHandler [classpath [META-INF/resources/], classpath [resources/], classpath [static/], classpath [public/], ServletContext [/]]}
2024-09-07 12-58-21 [restartedMain] INFO  c.a.p.PasswordManagerApplication - Started PasswordManagerApplication in 0.153 seconds (process running for 83.951)
2024-09-07 12-58-22 [http-nio-3000-exec-7] DEBUG c.a.p.c.CredentialController - Creating Credential with Servicename: Bank, Username: Chintal98, Password: Ath@rva1.
2024-09-07 12-58-22 [http-nio-3000-exec-7] INFO  c.a.p.c.CredentialController - Created Credential with Servicename: Bank, Username: Chintal98, Password: Ath@rva1.
2024-09-07 12-58-24 [restartedMain] INFO  c.a.p.PasswordManagerApplication - Starting PasswordManagerApplication using Java 21.0.2 with PID 25920 (C:\Atharva\Java\Password_manager\pwm-backend\build\classes\java\main started by 108WS in C:\Atharva\Java\Password_manager\pwm-backend)
2024-09-07 12-58-24 [restartedMain] DEBUG c.a.p.PasswordManagerApplication - Running with Spring Boot v3.3.3, Spring v6.1.12
2024-09-07 12-58-24 [restartedMain] INFO  c.a.p.PasswordManagerApplication - The following 1 profile is active: "dev"
2024-09-07 12-58-24 [restartedMain] DEBUG _.s.w.s.HandlerMapping.Mappings - 
	c.a.p.c.CredentialController:
	{GET [/api/credentials/{id}]}: getCredentialById(String)
	{POST [/api/credentials]}: createCredential(Credential)
	{GET [/api/credentials]}: getAllCredentials()
2024-09-07 12-58-24 [restartedMain] DEBUG _.s.w.s.HandlerMapping.Mappings - 
	c.a.p.c.HelloFromPasswordManager:
	{GET [/sayhello]}: sayHello()
2024-09-07 12-58-24 [restartedMain] DEBUG _.s.w.s.HandlerMapping.Mappings - 
	o.s.b.a.w.s.e.BasicErrorController:
	{ [/error]}: error(HttpServletRequest)
	{ [/error], produces [text/html]}: errorHtml(HttpServletRequest,HttpServletResponse)
2024-09-07 12-58-24 [restartedMain] DEBUG _.s.w.s.HandlerMapping.Mappings - 'beanNameHandlerMapping' {}
2024-09-07 12-58-24 [restartedMain] DEBUG _.s.w.s.HandlerMapping.Mappings - 'resourceHandlerMapping' {/webjars/**=ResourceHttpRequestHandler [classpath [META-INF/resources/webjars/]], /**=ResourceHttpRequestHandler [classpath [META-INF/resources/], classpath [resources/], classpath [static/], classpath [public/], ServletContext [/]]}
2024-09-07 12-58-24 [restartedMain] INFO  c.a.p.PasswordManagerApplication - Started PasswordManagerApplication in 0.144 seconds (process running for 87.145)
2024-09-07 12-58-39 [background-preinit] DEBUG org.jboss.logging - Logging Provider: org.jboss.logging.Slf4jLoggerProvider found via system property
2024-09-07 12-58-39 [restartedMain] INFO  c.a.p.PasswordManagerApplication - Starting PasswordManagerApplication using Java 21.0.2 with PID 36828 (C:\Atharva\Java\Password_manager\pwm-backend\build\classes\java\main started by 108WS in C:\Atharva\Java\Password_manager\pwm-backend)
2024-09-07 12-58-39 [restartedMain] DEBUG c.a.p.PasswordManagerApplication - Running with Spring Boot v3.3.3, Spring v6.1.12
2024-09-07 12-58-39 [restartedMain] INFO  c.a.p.PasswordManagerApplication - The following 1 profile is active: "dev"
2024-09-07 12-58-40 [restartedMain] DEBUG _.s.w.s.HandlerMapping.Mappings - 
	c.a.p.c.CredentialController:
	{POST [/api/credentials]}: createCredential(Credential)
	{GET [/api/credentials/{id}]}: getCredentialById(String)
	{GET [/api/credentials]}: getAllCredentials()
2024-09-07 12-58-40 [restartedMain] DEBUG _.s.w.s.HandlerMapping.Mappings - 
	c.a.p.c.HelloFromPasswordManager:
	{GET [/sayhello]}: sayHello()
2024-09-07 12-58-40 [restartedMain] DEBUG _.s.w.s.HandlerMapping.Mappings - 
	o.s.b.a.w.s.e.BasicErrorController:
	{ [/error]}: error(HttpServletRequest)
	{ [/error], produces [text/html]}: errorHtml(HttpServletRequest,HttpServletResponse)
2024-09-07 12-58-40 [restartedMain] DEBUG _.s.w.s.HandlerMapping.Mappings - 'beanNameHandlerMapping' {}
2024-09-07 12-58-40 [restartedMain] DEBUG _.s.w.s.HandlerMapping.Mappings - 'resourceHandlerMapping' {/webjars/**=ResourceHttpRequestHandler [classpath [META-INF/resources/webjars/]], /**=ResourceHttpRequestHandler [classpath [META-INF/resources/], classpath [resources/], classpath [static/], classpath [public/], ServletContext [/]]}
2024-09-07 12-58-40 [restartedMain] INFO  c.a.p.PasswordManagerApplication - Started PasswordManagerApplication in 1.137 seconds (process running for 1.361)
2024-09-07 12-58-44 [http-nio-3000-exec-2] DEBUG c.a.p.c.CredentialController - Creating Credential with Servicename: Bank, Username: Chintal98, Password: Ath@rva1.
2024-09-07 12-58-44 [http-nio-3000-exec-2] INFO  c.a.p.c.CredentialController - Created Credential with Servicename: Bank, Username: Chintal98, Password: Ath@rva1.
2024-09-07 12-58-47 [restartedMain] INFO  c.a.p.PasswordManagerApplication - Starting PasswordManagerApplication using Java 21.0.2 with PID 36828 (C:\Atharva\Java\Password_manager\pwm-backend\build\classes\java\main started by 108WS in C:\Atharva\Java\Password_manager\pwm-backend)
2024-09-07 12-58-47 [restartedMain] DEBUG c.a.p.PasswordManagerApplication - Running with Spring Boot v3.3.3, Spring v6.1.12
2024-09-07 12-58-47 [restartedMain] INFO  c.a.p.PasswordManagerApplication - The following 1 profile is active: "dev"
2024-09-07 12-58-47 [restartedMain] DEBUG _.s.w.s.HandlerMapping.Mappings - 
	c.a.p.c.CredentialController:
	{POST [/api/credentials]}: createCredential(Credential)
	{GET [/api/credentials/{id}]}: getCredentialById(String)
	{GET [/api/credentials]}: getAllCredentials()
2024-09-07 12-58-47 [restartedMain] DEBUG _.s.w.s.HandlerMapping.Mappings - 
	c.a.p.c.HelloFromPasswordManager:
	{GET [/sayhello]}: sayHello()
2024-09-07 12-58-47 [restartedMain] DEBUG _.s.w.s.HandlerMapping.Mappings - 
	o.s.b.a.w.s.e.BasicErrorController:
	{ [/error]}: error(HttpServletRequest)
	{ [/error], produces [text/html]}: errorHtml(HttpServletRequest,HttpServletResponse)
2024-09-07 12-58-47 [restartedMain] DEBUG _.s.w.s.HandlerMapping.Mappings - 'beanNameHandlerMapping' {}
2024-09-07 12-58-47 [restartedMain] DEBUG _.s.w.s.HandlerMapping.Mappings - 'resourceHandlerMapping' {/webjars/**=ResourceHttpRequestHandler [classpath [META-INF/resources/webjars/]], /**=ResourceHttpRequestHandler [classpath [META-INF/resources/], classpath [resources/], classpath [static/], classpath [public/], ServletContext [/]]}
2024-09-07 12-58-47 [restartedMain] INFO  c.a.p.PasswordManagerApplication - Started PasswordManagerApplication in 0.19 seconds (process running for 8.613)
2024-09-07 13-03-03 [restartedMain] INFO  c.a.p.PasswordManagerApplication - Starting PasswordManagerApplication using Java 21.0.2 with PID 36828 (C:\Atharva\Java\Password_manager\pwm-backend\build\classes\java\main started by 108WS in C:\Atharva\Java\Password_manager\pwm-backend)
2024-09-07 13-03-03 [restartedMain] DEBUG c.a.p.PasswordManagerApplication - Running with Spring Boot v3.3.3, Spring v6.1.12
2024-09-07 13-03-03 [restartedMain] INFO  c.a.p.PasswordManagerApplication - The following 1 profile is active: "dev"
2024-09-07 13-03-03 [restartedMain] DEBUG _.s.w.s.HandlerMapping.Mappings - 
	c.a.p.c.CredentialController:
	{POST [/api/credentials]}: createCredential(Credential)
	{GET [/api/credentials/{id}]}: getCredentialById(String)
	{GET [/api/credentials]}: getAllCredentials()
2024-09-07 13-03-03 [restartedMain] DEBUG _.s.w.s.HandlerMapping.Mappings - 
	c.a.p.c.HelloFromPasswordManager:
	{GET [/sayhello]}: sayHello()
2024-09-07 13-03-03 [restartedMain] DEBUG _.s.w.s.HandlerMapping.Mappings - 
	o.s.b.a.w.s.e.BasicErrorController:
	{ [/error]}: error(HttpServletRequest)
	{ [/error], produces [text/html]}: errorHtml(HttpServletRequest,HttpServletResponse)
2024-09-07 13-03-03 [restartedMain] DEBUG _.s.w.s.HandlerMapping.Mappings - 'beanNameHandlerMapping' {}
2024-09-07 13-03-03 [restartedMain] DEBUG _.s.w.s.HandlerMapping.Mappings - 'resourceHandlerMapping' {/webjars/**=ResourceHttpRequestHandler [classpath [META-INF/resources/webjars/]], /**=ResourceHttpRequestHandler [classpath [META-INF/resources/], classpath [resources/], classpath [static/], classpath [public/], ServletContext [/]]}
2024-09-07 13-03-03 [restartedMain] INFO  c.a.p.PasswordManagerApplication - Started PasswordManagerApplication in 0.148 seconds (process running for 264.288)
2024-09-07 13-03-06 [http-nio-3000-exec-1] INFO  c.a.p.c.CredentialController - Created Credential with Servicename: Bank, Username: Chintal98, Password: Ath@rva1.
2024-09-07 13-03-08 [restartedMain] INFO  c.a.p.PasswordManagerApplication - Starting PasswordManagerApplication using Java 21.0.2 with PID 36828 (C:\Atharva\Java\Password_manager\pwm-backend\build\classes\java\main started by 108WS in C:\Atharva\Java\Password_manager\pwm-backend)
2024-09-07 13-03-08 [restartedMain] DEBUG c.a.p.PasswordManagerApplication - Running with Spring Boot v3.3.3, Spring v6.1.12
2024-09-07 13-03-08 [restartedMain] INFO  c.a.p.PasswordManagerApplication - The following 1 profile is active: "dev"
2024-09-07 13-03-08 [restartedMain] DEBUG _.s.w.s.HandlerMapping.Mappings - 
	c.a.p.c.CredentialController:
	{POST [/api/credentials]}: createCredential(Credential)
	{GET [/api/credentials/{id}]}: getCredentialById(String)
	{GET [/api/credentials]}: getAllCredentials()
2024-09-07 13-03-08 [restartedMain] DEBUG _.s.w.s.HandlerMapping.Mappings - 
	c.a.p.c.HelloFromPasswordManager:
	{GET [/sayhello]}: sayHello()
2024-09-07 13-03-08 [restartedMain] DEBUG _.s.w.s.HandlerMapping.Mappings - 
	o.s.b.a.w.s.e.BasicErrorController:
	{ [/error]}: error(HttpServletRequest)
	{ [/error], produces [text/html]}: errorHtml(HttpServletRequest,HttpServletResponse)
2024-09-07 13-03-08 [restartedMain] DEBUG _.s.w.s.HandlerMapping.Mappings - 'beanNameHandlerMapping' {}
2024-09-07 13-03-08 [restartedMain] DEBUG _.s.w.s.HandlerMapping.Mappings - 'resourceHandlerMapping' {/webjars/**=ResourceHttpRequestHandler [classpath [META-INF/resources/webjars/]], /**=ResourceHttpRequestHandler [classpath [META-INF/resources/], classpath [resources/], classpath [static/], classpath [public/], ServletContext [/]]}
2024-09-07 13-03-08 [restartedMain] INFO  c.a.p.PasswordManagerApplication - Started PasswordManagerApplication in 0.15 seconds (process running for 269.502)
2024-09-07 13-15-57 [background-preinit] DEBUG org.jboss.logging - Logging Provider: org.jboss.logging.Slf4jLoggerProvider found via system property
2024-09-07 13-15-57 [Test worker] INFO  c.a.p.PasswordManagerApplicationTests - Starting PasswordManagerApplicationTests using Java 21.0.2 with PID 24300 (started by 108WS in C:\Atharva\Java\Password_manager\pwm-backend)
2024-09-07 13-15-57 [Test worker] DEBUG c.a.p.PasswordManagerApplicationTests - Running with Spring Boot v3.3.3, Spring v6.1.12
2024-09-07 13-15-57 [Test worker] INFO  c.a.p.PasswordManagerApplicationTests - The following 1 profile is active: "dev"
2024-09-07 13-15-58 [Test worker] DEBUG _.s.w.s.HandlerMapping.Mappings - 
	c.a.p.c.CredentialController:
	{GET [/api/credentials/{id}]}: getCredentialById(String)
	{GET [/api/credentials]}: getAllCredentials()
	{POST [/api/credentials]}: createCredential(Credential)
2024-09-07 13-15-58 [Test worker] DEBUG _.s.w.s.HandlerMapping.Mappings - 
	c.a.p.c.HelloFromPasswordManager:
	{GET [/sayhello]}: sayHello()
2024-09-07 13-15-58 [Test worker] DEBUG _.s.w.s.HandlerMapping.Mappings - 
	o.s.b.a.w.s.e.BasicErrorController:
	{ [/error]}: error(HttpServletRequest)
	{ [/error], produces [text/html]}: errorHtml(HttpServletRequest,HttpServletResponse)
2024-09-07 13-15-58 [Test worker] DEBUG _.s.w.s.HandlerMapping.Mappings - 'beanNameHandlerMapping' {}
2024-09-07 13-15-58 [Test worker] DEBUG _.s.w.s.HandlerMapping.Mappings - 'resourceHandlerMapping' {/webjars/**=ResourceHttpRequestHandler [classpath [META-INF/resources/webjars/]], /**=ResourceHttpRequestHandler [classpath [META-INF/resources/], classpath [resources/], classpath [static/], classpath [public/], ServletContext [/]]}
2024-09-07 13-15-58 [Test worker] INFO  c.a.p.PasswordManagerApplicationTests - Started PasswordManagerApplicationTests in 1.041 seconds (process running for 1.849)
2024-09-07 13-15-58 [Test worker] INFO  c.a.p.c.CredentialControllerTests - Starting CredentialControllerTests using Java 21.0.2 with PID 24300 (started by 108WS in C:\Atharva\Java\Password_manager\pwm-backend)
2024-09-07 13-15-58 [Test worker] DEBUG c.a.p.c.CredentialControllerTests - Running with Spring Boot v3.3.3, Spring v6.1.12
2024-09-07 13-15-58 [Test worker] INFO  c.a.p.c.CredentialControllerTests - The following 1 profile is active: "dev"
2024-09-07 13-15-59 [Test worker] DEBUG _.s.w.s.HandlerMapping.Mappings - 
	c.a.p.c.CredentialController:
	{GET [/api/credentials/{id}]}: getCredentialById(String)
	{GET [/api/credentials]}: getAllCredentials()
	{POST [/api/credentials]}: createCredential(Credential)
2024-09-07 13-15-59 [Test worker] DEBUG _.s.w.s.HandlerMapping.Mappings - 
	o.s.b.a.w.s.e.BasicErrorController:
	{ [/error]}: error(HttpServletRequest)
	{ [/error], produces [text/html]}: errorHtml(HttpServletRequest,HttpServletResponse)
2024-09-07 13-15-59 [Test worker] DEBUG _.s.w.s.HandlerMapping.Mappings - 'beanNameHandlerMapping' {}
2024-09-07 13-15-59 [Test worker] DEBUG _.s.w.s.HandlerMapping.Mappings - 'resourceHandlerMapping' {/webjars/**=ResourceHttpRequestHandler [classpath [META-INF/resources/webjars/]], /**=ResourceHttpRequestHandler [classpath [META-INF/resources/], classpath [resources/], classpath [static/], classpath [public/], ServletContext [/]]}
2024-09-07 13-15-59 [Test worker] INFO  c.a.p.c.CredentialControllerTests - Started CredentialControllerTests in 0.361 seconds (process running for 2.733)
2024-09-07 13-15-59 [Test worker] DEBUG c.j.j.internal.path.CompiledPath - Evaluating path: $['id']
2024-09-07 13-15-59 [Test worker] DEBUG c.j.j.internal.path.CompiledPath - Evaluating path: $['serviceName']
2024-09-07 13-15-59 [Test worker] DEBUG c.j.j.internal.path.CompiledPath - Evaluating path: $['username']
2024-09-07 13-15-59 [Test worker] DEBUG c.j.j.internal.path.CompiledPath - Evaluating path: $['password']
2024-09-07 13-15-59 [Test worker] DEBUG c.j.j.internal.path.CompiledPath - Evaluating path: $['serviceName']
2024-09-07 13-15-59 [Test worker] DEBUG c.j.j.internal.path.CompiledPath - Evaluating path: $['username']
2024-09-07 13-15-59 [Test worker] DEBUG c.j.j.internal.path.CompiledPath - Evaluating path: $['password']
2024-09-07 13-15-59 [Test worker] DEBUG c.j.j.internal.path.CompiledPath - Evaluating path: $['serviceName']
2024-09-07 13-15-59 [Test worker] DEBUG c.j.j.internal.path.CompiledPath - Evaluating path: $['username']
2024-09-07 13-15-59 [Test worker] DEBUG c.j.j.internal.path.CompiledPath - Evaluating path: $['password']
2024-09-07 13-15-59 [Test worker] DEBUG c.j.j.internal.path.CompiledPath - Evaluating path: $['password']
2024-09-07 13-15-59 [Test worker] DEBUG c.j.j.internal.path.CompiledPath - Evaluating path: $
2024-09-07 13-15-59 [Test worker] DEBUG c.j.j.internal.path.CompiledPath - Evaluating path: $['serviceName']
2024-09-07 13-15-59 [Test worker] DEBUG c.j.j.internal.path.CompiledPath - Evaluating path: $['username']
2024-09-07 13-15-59 [Test worker] DEBUG c.j.j.internal.path.CompiledPath - Evaluating path: $['password']
2024-09-07 13-15-59 [Test worker] DEBUG c.j.j.internal.path.CompiledPath - Evaluating path: $['serviceName']
2024-09-07 13-15-59 [Test worker] DEBUG c.j.j.internal.path.CompiledPath - Evaluating path: $['username']
2024-09-07 13-15-59 [Test worker] DEBUG c.j.j.internal.path.CompiledPath - Evaluating path: $['password']
2024-09-07 13-15-59 [Test worker] DEBUG c.j.j.internal.path.CompiledPath - Evaluating path: $['error']
2024-09-07 13-15-59 [Test worker] INFO  c.a.p.c.CredentialController - Created Credential with Servicename: TestserviceName, Username: Testusername, Password: Testpassword@1.
2024-09-07 13-15-59 [Test worker] DEBUG c.j.j.internal.path.CompiledPath - Evaluating path: $['serviceName']
2024-09-07 13-15-59 [Test worker] DEBUG c.j.j.internal.path.CompiledPath - Evaluating path: $['username']
2024-09-07 13-15-59 [Test worker] DEBUG c.j.j.internal.path.CompiledPath - Evaluating path: $['password']
2024-09-07 13-15-59 [Test worker] DEBUG c.j.j.internal.path.CompiledPath - Evaluating path: $['serviceName']
2024-09-07 13-15-59 [Test worker] DEBUG c.j.j.internal.path.CompiledPath - Evaluating path: $['username']
2024-09-07 13-15-59 [Test worker] DEBUG c.j.j.internal.path.CompiledPath - Evaluating path: $['password']
2024-09-07 13-15-59 [Test worker] DEBUG c.j.j.internal.path.CompiledPath - Evaluating path: $['serviceName']
2024-09-07 13-15-59 [Test worker] DEBUG c.j.j.internal.path.CompiledPath - Evaluating path: $['username']
2024-09-07 13-15-59 [Test worker] DEBUG c.j.j.internal.path.CompiledPath - Evaluating path: $['password']
2024-09-07 13-15-59 [Test worker] DEBUG c.j.j.internal.path.CompiledPath - Evaluating path: $['password']
2024-09-07 13-15-59 [Test worker] DEBUG c.j.j.internal.path.CompiledPath - Evaluating path: $['password']
2024-09-07 13-15-59 [Test worker] DEBUG c.j.j.internal.path.CompiledPath - Evaluating path: $[0]['id']
2024-09-07 13-15-59 [Test worker] DEBUG c.j.j.internal.path.CompiledPath - Evaluating path: $[0]['serviceName']
2024-09-07 13-15-59 [Test worker] DEBUG c.j.j.internal.path.CompiledPath - Evaluating path: $[0]['username']
2024-09-07 13-15-59 [Test worker] DEBUG c.j.j.internal.path.CompiledPath - Evaluating path: $[0]['password']
2024-09-07 13-15-59 [Test worker] DEBUG c.j.j.internal.path.CompiledPath - Evaluating path: $[1]['id']
2024-09-07 13-15-59 [Test worker] DEBUG c.j.j.internal.path.CompiledPath - Evaluating path: $[1]['serviceName']
2024-09-07 13-15-59 [Test worker] DEBUG c.j.j.internal.path.CompiledPath - Evaluating path: $[1]['username']
2024-09-07 13-15-59 [Test worker] DEBUG c.j.j.internal.path.CompiledPath - Evaluating path: $[1]['password']
2024-09-07 13-15-59 [Test worker] DEBUG c.j.j.internal.path.CompiledPath - Evaluating path: $['serviceName']
2024-09-07 13-15-59 [Test worker] DEBUG c.j.j.internal.path.CompiledPath - Evaluating path: $['username']
2024-09-07 13-15-59 [Test worker] DEBUG c.j.j.internal.path.CompiledPath - Evaluating path: $['password']
2024-09-07 13-15-59 [Test worker] DEBUG c.j.j.internal.path.CompiledPath - Evaluating path: $['serviceName']
2024-09-07 13-15-59 [Test worker] DEBUG c.j.j.internal.path.CompiledPath - Evaluating path: $['serviceName']
2024-09-07 13-15-59 [Test worker] DEBUG c.j.j.internal.path.CompiledPath - Evaluating path: $['username']
2024-09-07 13-15-59 [Test worker] DEBUG c.j.j.internal.path.CompiledPath - Evaluating path: $['password']
2024-09-07 13-15-59 [Test worker] DEBUG c.j.j.internal.path.CompiledPath - Evaluating path: $['password']
2024-09-07 13-15-59 [Test worker] DEBUG c.j.j.internal.path.CompiledPath - Evaluating path: $['serviceName']
2024-09-07 13-15-59 [Test worker] DEBUG c.j.j.internal.path.CompiledPath - Evaluating path: $['username']
2024-09-07 13-15-59 [Test worker] DEBUG c.j.j.internal.path.CompiledPath - Evaluating path: $['password']
2024-09-07 13-15-59 [Test worker] DEBUG c.j.j.internal.path.CompiledPath - Evaluating path: $['serviceName']
2024-09-07 13-15-59 [Test worker] DEBUG c.j.j.internal.path.CompiledPath - Evaluating path: $['username']
2024-09-07 13-15-59 [Test worker] DEBUG c.j.j.internal.path.CompiledPath - Evaluating path: $['password']
2024-09-07 13-17-21 [background-preinit] DEBUG org.jboss.logging - Logging Provider: org.jboss.logging.Slf4jLoggerProvider found via system property
2024-09-07 13-17-21 [restartedMain] INFO  c.a.p.PasswordManagerApplication - Starting PasswordManagerApplication using Java 21.0.2 with PID 3732 (C:\Atharva\Java\Password_manager\pwm-backend\bin\main started by 108WS in C:\Atharva\Java\Password_manager\pwm-backend)
2024-09-07 13-17-21 [restartedMain] DEBUG c.a.p.PasswordManagerApplication - Running with Spring Boot v3.3.3, Spring v6.1.12
2024-09-07 13-17-21 [restartedMain] INFO  c.a.p.PasswordManagerApplication - The following 1 profile is active: "dev"
2024-09-07 13-17-22 [restartedMain] DEBUG _.s.w.s.HandlerMapping.Mappings - 
	c.a.p.c.CredentialController:
	{POST [/api/credentials]}: createCredential(Credential)
	{GET [/api/credentials/{id}]}: getCredentialById(String)
	{GET [/api/credentials]}: getAllCredentials()
2024-09-07 13-17-22 [restartedMain] DEBUG _.s.w.s.HandlerMapping.Mappings - 
	c.a.p.c.HelloFromPasswordManager:
	{GET [/sayhello]}: sayHello()
2024-09-07 13-17-22 [restartedMain] DEBUG _.s.w.s.HandlerMapping.Mappings - 
	o.s.b.a.w.s.e.BasicErrorController:
	{ [/error]}: error(HttpServletRequest)
	{ [/error], produces [text/html]}: errorHtml(HttpServletRequest,HttpServletResponse)
2024-09-07 13-17-22 [restartedMain] DEBUG _.s.w.s.HandlerMapping.Mappings - 'beanNameHandlerMapping' {}
2024-09-07 13-17-22 [restartedMain] DEBUG _.s.w.s.HandlerMapping.Mappings - 'resourceHandlerMapping' {/webjars/**=ResourceHttpRequestHandler [classpath [META-INF/resources/webjars/]], /**=ResourceHttpRequestHandler [classpath [META-INF/resources/], classpath [resources/], classpath [static/], classpath [public/], ServletContext [/]]}
2024-09-07 13-17-22 [restartedMain] INFO  c.a.p.PasswordManagerApplication - Started PasswordManagerApplication in 1.448 seconds (process running for 1.73)
2024-09-07 13-17-27 [http-nio-3000-exec-1] DEBUG c.a.p.c.CredentialController - Creating Credential with Servicename: Bank, Username: Chintal98, Password: Ath@rva1.
2024-09-07 13-17-27 [http-nio-3000-exec-1] INFO  c.a.p.c.CredentialController - Created Credential with Servicename: Bank, Username: Chintal98, Password: Ath@rva1.
2024-09-07 13-17-32 [restartedMain] INFO  c.a.p.PasswordManagerApplication - Starting PasswordManagerApplication using Java 21.0.2 with PID 3732 (C:\Atharva\Java\Password_manager\pwm-backend\bin\main started by 108WS in C:\Atharva\Java\Password_manager\pwm-backend)
2024-09-07 13-17-32 [restartedMain] DEBUG c.a.p.PasswordManagerApplication - Running with Spring Boot v3.3.3, Spring v6.1.12
2024-09-07 13-17-32 [restartedMain] INFO  c.a.p.PasswordManagerApplication - The following 1 profile is active: "dev"
2024-09-07 13-17-32 [restartedMain] DEBUG _.s.w.s.HandlerMapping.Mappings - 
	c.a.p.c.CredentialController:
	{POST [/api/credentials]}: createCredential(Credential)
	{GET [/api/credentials/{id}]}: getCredentialById(String)
	{GET [/api/credentials]}: getAllCredentials()
2024-09-07 13-17-32 [restartedMain] DEBUG _.s.w.s.HandlerMapping.Mappings - 
	c.a.p.c.HelloFromPasswordManager:
	{GET [/sayhello]}: sayHello()
2024-09-07 13-17-32 [restartedMain] DEBUG _.s.w.s.HandlerMapping.Mappings - 
	o.s.b.a.w.s.e.BasicErrorController:
	{ [/error]}: error(HttpServletRequest)
	{ [/error], produces [text/html]}: errorHtml(HttpServletRequest,HttpServletResponse)
2024-09-07 13-17-32 [restartedMain] DEBUG _.s.w.s.HandlerMapping.Mappings - 'beanNameHandlerMapping' {}
2024-09-07 13-17-32 [restartedMain] DEBUG _.s.w.s.HandlerMapping.Mappings - 'resourceHandlerMapping' {/webjars/**=ResourceHttpRequestHandler [classpath [META-INF/resources/webjars/]], /**=ResourceHttpRequestHandler [classpath [META-INF/resources/], classpath [resources/], classpath [static/], classpath [public/], ServletContext [/]]}
2024-09-07 13-17-32 [restartedMain] INFO  c.a.p.PasswordManagerApplication - Started PasswordManagerApplication in 0.233 seconds (process running for 11.044)
