{
    "@timestamp": "2024-09-06T14:33:23.6786803+05:30",
    "@version": "1",
    "message": "Creating Credential with Servicename: Bank, Username: Chintal98, Password: Ath@rva1972.",
    "logger_name": "com.atharvadholakia.password_manager.controller.CredentialController",
    "thread_name": "http-nio-3000-exec-10",
    "level": "DEBUG",
    "level_value": 10000
}
{
    "@timestamp": "2024-09-06T14:33:23.6886943+05:30",
    "@version": "1",
    "message": "Created Credential with Servicename: Bank, Username: Chintal98, Password: Ath@rva1972.",
    "logger_name": "com.atharvadholakia.password_manager.controller.CredentialController",
    "thread_name": "http-nio-3000-exec-10",
    "level": "INFO",
    "level_value": 20000
}
{
    "@timestamp": "2024-09-06T14:33:26.5930369+05:30",
    "@version": "1",
    "message": "Starting PasswordManagerApplication using Java 21.0.2 with PID 9596 (C:\\Atharva\\Java\\Password_manager\\pwm-backend\\build\\classes\\java\\main started by 108WS in C:\\Atharva\\Java\\Password_manager\\pwm-backend)",
    "logger_name": "com.atharvadholakia.password_manager.PasswordManagerApplication",
    "thread_name": "restartedMain",
    "level": "INFO",
    "level_value": 20000
}
{
    "@timestamp": "2024-09-06T14:33:26.5930369+05:30",
    "@version": "1",
    "message": "Running with Spring Boot v3.3.3, Spring v6.1.12",
    "logger_name": "com.atharvadholakia.password_manager.PasswordManagerApplication",
    "thread_name": "restartedMain",
    "level": "DEBUG",
    "level_value": 10000
}
{
    "@timestamp": "2024-09-06T14:33:26.5930369+05:30",
    "@version": "1",
    "message": "The following 1 profile is active: \"dev\"",
    "logger_name": "com.atharvadholakia.password_manager.PasswordManagerApplication",
    "thread_name": "restartedMain",
    "level": "INFO",
    "level_value": 20000
}
{
    "@timestamp": "2024-09-06T14:33:26.7386321+05:30",
    "@version": "1",
    "message": "\n\tc.a.p.c.CredentialController:\n\t{POST [/api/credentials]}: createCredential(Credential)\n\t{GET [/api/credentials/{id}]}: getCredentialById(String)\n\t{GET [/api/credentials]}: getAllCredentials()",
    "logger_name": "_org.springframework.web.servlet.HandlerMapping.Mappings",
    "thread_name": "restartedMain",
    "level": "DEBUG",
    "level_value": 10000
}
{
    "@timestamp": "2024-09-06T14:33:26.7396382+05:30",
    "@version": "1",
    "message": "\n\tc.a.p.c.HelloFromPasswordManager:\n\t{GET [/sayhello]}: sayHello()",
    "logger_name": "_org.springframework.web.servlet.HandlerMapping.Mappings",
    "thread_name": "restartedMain",
    "level": "DEBUG",
    "level_value": 10000
}
{
    "@timestamp": "2024-09-06T14:33:26.7406533+05:30",
    "@version": "1",
    "message": "\n\to.s.b.a.w.s.e.BasicErrorController:\n\t{ [/error]}: error(HttpServletRequest)\n\t{ [/error], produces [text/html]}: errorHtml(HttpServletRequest,HttpServletResponse)",
    "logger_name": "_org.springframework.web.servlet.HandlerMapping.Mappings",
    "thread_name": "restartedMain",
    "level": "DEBUG",
    "level_value": 10000
}
{
    "@timestamp": "2024-09-06T14:33:26.7426199+05:30",
    "@version": "1",
    "message": "'beanNameHandlerMapping' {}",
    "logger_name": "_org.springframework.web.servlet.HandlerMapping.Mappings",
    "thread_name": "restartedMain",
    "level": "DEBUG",
    "level_value": 10000
}
{
    "@timestamp": "2024-09-06T14:33:26.750623+05:30",
    "@version": "1",
    "message": "'resourceHandlerMapping' {/webjars/**=ResourceHttpRequestHandler [classpath [META-INF/resources/webjars/]], /**=ResourceHttpRequestHandler [classpath [META-INF/resources/], classpath [resources/], classpath [static/], classpath [public/], ServletContext [/]]}",
    "logger_name": "_org.springframework.web.servlet.HandlerMapping.Mappings",
    "thread_name": "restartedMain",
    "level": "DEBUG",
    "level_value": 10000
}
{
    "@timestamp": "2024-09-06T14:33:26.7665414+05:30",
    "@version": "1",
    "message": "Started PasswordManagerApplication in 0.19 seconds (process running for 97.536)",
    "logger_name": "com.atharvadholakia.password_manager.PasswordManagerApplication",
    "thread_name": "restartedMain",
    "level": "INFO",
    "level_value": 20000
}